<?xml version="1.0" encoding="UTF-8" standalone="yes"?>
<ns2:test-suite start="1517763571185" stop="1517763656999" version="1.5.2" xmlns:ns2="urn:model.allure.qatools.yandex.ru">
    <name>Страхование</name>
    <description type="text"></description>
    <test-cases>
        <test-case start="1517763571634" stop="1517763656996" status="broken">
            <name>Страхование путешественников</name>
            <title>Страхование путешественников</title>
            <description type="text"></description>
            <failure>
                <message>NoSuchElementException: no such element: Unable to locate element: {"method":"xpath","selector":"//*[(text()='Продолжить')]"}
  (Session info: chrome=64.0.3282.140)
  (Driver info: chromedriver=2.35.528157 (4429ca2590d6988c0745c24c8858745aaaec01ef),platform=Mac OS X 10.11.6 x86_64) (WARNING: The server did not provide any stacktrace information)
Command duration or timeout: 0 milliseconds
For documentation on this error, please visit: http://seleniumhq.org/exceptions/no_such_element.html
Build info: version: '3.8.1', revision: '6e95a6684b', time: '2017-12-01T18:33:54.468Z'
System info: host: 'MacBook-Pro-service.local', ip: '192.168.1.68', os.name: 'Mac OS X', os.arch: 'x86_64', os.version: '10.11.6', java.version: '1.8.0_151'
Driver info: org.openqa.selenium.chrome.ChromeDriver
Capabilities {acceptInsecureCerts: false, acceptSslCerts: false, applicationCacheEnabled: false, browserConnectionEnabled: false, browserName: chrome, chrome: {chromedriverVersion: 2.35.528157 (4429ca2590d698..., userDataDir: /var/folders/hc/3f86917112g...}, cssSelectorsEnabled: true, databaseEnabled: false, handlesAlerts: true, hasTouchScreen: false, javascriptEnabled: true, locationContextEnabled: true, mobileEmulationEnabled: false, nativeEvents: true, networkConnectionEnabled: false, pageLoadStrategy: normal, platform: MAC, platformName: MAC, rotatable: false, setWindowRect: true, takesHeapSnapshot: true, takesScreenshot: true, unexpectedAlertBehaviour: , unhandledPromptBehavior: , version: 64.0.3282.140, webStorageEnabled: true}
Session ID: 4632d77e9ad238efbb20322ddc7f94a8
*** Element info: {Using=xpath, value=//*[(text()='Продолжить')]}</message>
                <stack-trace>org.openqa.selenium.NoSuchElementException: no such element: Unable to locate element: {"method":"xpath","selector":"//*[(text()='Продолжить')]"}
  (Session info: chrome=64.0.3282.140)
  (Driver info: chromedriver=2.35.528157 (4429ca2590d6988c0745c24c8858745aaaec01ef),platform=Mac OS X 10.11.6 x86_64) (WARNING: The server did not provide any stacktrace information)
Command duration or timeout: 0 milliseconds
For documentation on this error, please visit: http://seleniumhq.org/exceptions/no_such_element.html
Build info: version: '3.8.1', revision: '6e95a6684b', time: '2017-12-01T18:33:54.468Z'
System info: host: 'MacBook-Pro-service.local', ip: '192.168.1.68', os.name: 'Mac OS X', os.arch: 'x86_64', os.version: '10.11.6', java.version: '1.8.0_151'
Driver info: org.openqa.selenium.chrome.ChromeDriver
Capabilities {acceptInsecureCerts: false, acceptSslCerts: false, applicationCacheEnabled: false, browserConnectionEnabled: false, browserName: chrome, chrome: {chromedriverVersion: 2.35.528157 (4429ca2590d698..., userDataDir: /var/folders/hc/3f86917112g...}, cssSelectorsEnabled: true, databaseEnabled: false, handlesAlerts: true, hasTouchScreen: false, javascriptEnabled: true, locationContextEnabled: true, mobileEmulationEnabled: false, nativeEvents: true, networkConnectionEnabled: false, pageLoadStrategy: normal, platform: MAC, platformName: MAC, rotatable: false, setWindowRect: true, takesHeapSnapshot: true, takesScreenshot: true, unexpectedAlertBehaviour: , unhandledPromptBehavior: , version: 64.0.3282.140, webStorageEnabled: true}
Session ID: 4632d77e9ad238efbb20322ddc7f94a8
*** Element info: {Using=xpath, value=//*[(text()='Продолжить')]}
	at sun.reflect.NativeConstructorAccessorImpl.newInstance0(Native Method)
	at sun.reflect.NativeConstructorAccessorImpl.newInstance(NativeConstructorAccessorImpl.java:62)
	at sun.reflect.DelegatingConstructorAccessorImpl.newInstance(DelegatingConstructorAccessorImpl.java:45)
	at java.lang.reflect.Constructor.newInstance(Constructor.java:423)
	at org.openqa.selenium.remote.ErrorHandler.createThrowable(ErrorHandler.java:214)
	at org.openqa.selenium.remote.ErrorHandler.throwIfResponseFailed(ErrorHandler.java:166)
	at org.openqa.selenium.remote.http.JsonHttpResponseCodec.reconstructValue(JsonHttpResponseCodec.java:40)
	at org.openqa.selenium.remote.http.AbstractHttpResponseCodec.decode(AbstractHttpResponseCodec.java:80)
	at org.openqa.selenium.remote.http.AbstractHttpResponseCodec.decode(AbstractHttpResponseCodec.java:44)
	at org.openqa.selenium.remote.HttpCommandExecutor.execute(HttpCommandExecutor.java:164)
	at org.openqa.selenium.remote.service.DriverCommandExecutor.execute(DriverCommandExecutor.java:83)
	at org.openqa.selenium.remote.RemoteWebDriver.execute(RemoteWebDriver.java:601)
	at org.openqa.selenium.remote.RemoteWebDriver.findElement(RemoteWebDriver.java:371)
	at org.openqa.selenium.remote.RemoteWebDriver.findElementByXPath(RemoteWebDriver.java:473)
	at org.openqa.selenium.By$ByXPath.findElement(By.java:361)
	at org.openqa.selenium.remote.RemoteWebDriver.findElement(RemoteWebDriver.java:363)
	at org.openqa.selenium.support.pagefactory.DefaultElementLocator.findElement(DefaultElementLocator.java:69)
	at org.openqa.selenium.support.pagefactory.internal.LocatingElementHandler.invoke(LocatingElementHandler.java:38)
	at com.sun.proxy.$Proxy20.click(Unknown Source)
	at steps.SendAppSteps.clickOformit(SendAppSteps.java:38)
	at steps.ScenarioSteps.clickOformit(ScenarioSteps.java:50)
	at ✽.И нажатие на Оформить(Страхование.feature:15)
</stack-trace>
            </failure>
            <steps>
                <step start="1517763622450" stop="1517763624837" status="passed">
                    <name>Когда выбран пункт меню "Застраховать"</name>
                    <title>Когда выбран пункт меню "Застраховать"</title>
                    <steps>
                        <step start="1517763623971" stop="1517763624835" status="passed">
                            <name>selectMainMenu[Застраховать]</name>
                            <title>Выбран пункт меню - Застраховать себя и имущество</title>
                        </step>
                    </steps>
                </step>
                <step start="1517763624838" stop="1517763630506" status="passed">
                    <name>Тогда выбран пункт меню Страхование путешественников</name>
                    <title>Тогда выбран пункт меню Страхование путешественников</title>
                    <steps>
                        <step start="1517763624839" stop="1517763630506" status="passed">
                            <name>selectSubMenu</name>
                            <title>Выбран пункт меню - Страхование путешественников</title>
                        </step>
                    </steps>
                </step>
                <step start="1517763630507" stop="1517763631829" status="passed">
                    <name>Когда выполнено нажатие на картинку Оформить</name>
                    <title>Когда выполнено нажатие на картинку Оформить</title>
                    <steps>
                        <step start="1517763630508" stop="1517763631828" status="passed">
                            <name>stepExecuteButton</name>
                            <title>Выполнено нажатие на кнопку Оформить</title>
                        </step>
                    </steps>
                </step>
                <step start="1517763631829" stop="1517763631898" status="passed">
                    <name>Когда выполнен переход на новую вкладку</name>
                    <title>Когда выполнен переход на новую вкладку</title>
                    <steps>
                        <step start="1517763631830" stop="1517763631897" status="passed">
                            <name>chVkladka</name>
                            <title>Переход на следующую вкладку</title>
                        </step>
                    </steps>
                </step>
                <step start="1517763631898" stop="1517763635345" status="passed">
                    <name>Когда нажатие на Минимальная</name>
                    <title>Когда нажатие на Минимальная</title>
                    <steps>
                        <step start="1517763631900" stop="1517763635344" status="passed">
                            <name>clickMinimal</name>
                            <title>Выбор - Минимальная</title>
                        </step>
                    </steps>
                </step>
                <step start="1517763635345" stop="1517763656324" status="broken">
                    <name>И нажатие на Оформить</name>
                    <title>И нажатие на Оформить</title>
                    <attachments>
                        <attachment title="Скриншот в момент ошибки" source="f24eef72-5713-4449-be48-743b788614e5-attachment.png" type="image/png"/>
                    </attachments>
                    <steps>
                        <step start="1517763635347" stop="1517763655612" status="broken">
                            <name>clickOformit</name>
                        </step>
                    </steps>
                </step>
                <step start="1517763656325" stop="1517763656332" status="canceled">
                    <name>Когда заполняются поля:</name>
                    <title>Когда заполняются поля:</title>
                </step>
                <step start="1517763656332" stop="1517763656333" status="canceled">
                    <name>Тогда значения полей равны:</name>
                    <title>Тогда значения полей равны:</title>
                </step>
                <step start="1517763656333" stop="1517763656334" status="canceled">
                    <name>Когда нажатие на Продолжить</name>
                    <title>Когда нажатие на Продолжить</title>
                </step>
                <step start="1517763656334" stop="1517763656334" status="canceled">
                    <name>Тогда наличие ошибки отсутсвия обязательных полей</name>
                    <title>Тогда наличие ошибки отсутсвия обязательных полей</title>
                </step>
            </steps>
            <attachments/>
            <labels>
                <label name="story" value="Страхование путешественников"/>
                <label name="feature" value="Страхование"/>
                <label name="host" value="MacBook-Pro-service.local"/>
                <label name="thread" value="35912@MacBook-Pro-service.local.main(1)"/>
                <label name="framework" value="CucumberJVM"/>
            </labels>
        </test-case>
    </test-cases>
    <labels>
        <label name="feature" value="Страхование"/>
        <label name="language" value="JAVA"/>
    </labels>
</ns2:test-suite>
