{
  "uid" : "49ab5a52a1ebaf83",
  "name" : "Страхование путешественников",
  "title" : "Страхование путешественников",
  "time" : {
    "start" : 1517614888877,
    "stop" : 1517614972198,
    "duration" : 83321
  },
  "summary" : {
    "attachments" : 1,
    "steps" : 15
  },
  "failure" : {
    "message" : "TimeoutException: Expected condition failed: waiting for visibility of Proxy element for: DefaultElementLocator 'By.name: birthDate' (tried for 10 second(s) with 1000 MILLISECONDS interval)",
    "stackTrace" : "org.openqa.selenium.TimeoutException: Expected condition failed: waiting for visibility of Proxy element for: DefaultElementLocator 'By.name: birthDate' (tried for 10 second(s) with 1000 MILLISECONDS interval)\n\tat org.openqa.selenium.support.ui.WebDriverWait.timeoutException(WebDriverWait.java:82)\n\tat org.openqa.selenium.support.ui.FluentWait.until(FluentWait.java:231)\n\tat pages.SendAppPage.<init>(SendAppPage.java:76)\n\tat steps.SendAppSteps.clickMinimal(SendAppSteps.java:33)\n\tat steps.ScenarioSteps.clickMinimal(ScenarioSteps.java:38)\n\tat ✽.Когда нажатие на Минимальная(Страхование.feature:14)\nCaused by: org.openqa.selenium.NoSuchElementException: no such element: Unable to locate element: {\"method\":\"name\",\"selector\":\"birthDate\"}\n  (Session info: chrome=64.0.3282.140)\n  (Driver info: chromedriver=2.35.528157 (4429ca2590d6988c0745c24c8858745aaaec01ef),platform=Mac OS X 10.11.6 x86_64) (WARNING: The server did not provide any stacktrace information)\nCommand duration or timeout: 0 milliseconds\nFor documentation on this error, please visit: http://seleniumhq.org/exceptions/no_such_element.html\nBuild info: version: '3.8.1', revision: '6e95a6684b', time: '2017-12-01T18:33:54.468Z'\nSystem info: host: 'MacBook-Pro-service.local', ip: '192.168.1.68', os.name: 'Mac OS X', os.arch: 'x86_64', os.version: '10.11.6', java.version: '1.8.0_151'\nDriver info: org.openqa.selenium.chrome.ChromeDriver\nCapabilities {acceptInsecureCerts: false, acceptSslCerts: false, applicationCacheEnabled: false, browserConnectionEnabled: false, browserName: chrome, chrome: {chromedriverVersion: 2.35.528157 (4429ca2590d698..., userDataDir: /var/folders/hc/3f86917112g...}, cssSelectorsEnabled: true, databaseEnabled: false, handlesAlerts: true, hasTouchScreen: false, javascriptEnabled: true, locationContextEnabled: true, mobileEmulationEnabled: false, nativeEvents: true, networkConnectionEnabled: false, pageLoadStrategy: normal, platform: MAC, platformName: MAC, rotatable: false, setWindowRect: true, takesHeapSnapshot: true, takesScreenshot: true, unexpectedAlertBehaviour: , unhandledPromptBehavior: , version: 64.0.3282.140, webStorageEnabled: true}\nSession ID: b5b5521547e67b49942d55787aa261e3\n*** Element info: {Using=name, value=birthDate}\n\tat sun.reflect.NativeConstructorAccessorImpl.newInstance0(Native Method)\n\tat sun.reflect.NativeConstructorAccessorImpl.newInstance(NativeConstructorAccessorImpl.java:62)\n\tat sun.reflect.DelegatingConstructorAccessorImpl.newInstance(DelegatingConstructorAccessorImpl.java:45)\n\tat java.lang.reflect.Constructor.newInstance(Constructor.java:423)\n\tat org.openqa.selenium.remote.ErrorHandler.createThrowable(ErrorHandler.java:214)\n\tat org.openqa.selenium.remote.ErrorHandler.throwIfResponseFailed(ErrorHandler.java:166)\n\tat org.openqa.selenium.remote.http.JsonHttpResponseCodec.reconstructValue(JsonHttpResponseCodec.java:40)\n\tat org.openqa.selenium.remote.http.AbstractHttpResponseCodec.decode(AbstractHttpResponseCodec.java:80)\n\tat org.openqa.selenium.remote.http.AbstractHttpResponseCodec.decode(AbstractHttpResponseCodec.java:44)\n\tat org.openqa.selenium.remote.HttpCommandExecutor.execute(HttpCommandExecutor.java:164)\n\tat org.openqa.selenium.remote.service.DriverCommandExecutor.execute(DriverCommandExecutor.java:83)\n\tat org.openqa.selenium.remote.RemoteWebDriver.execute(RemoteWebDriver.java:601)\n\tat org.openqa.selenium.remote.RemoteWebDriver.findElement(RemoteWebDriver.java:371)\n\tat org.openqa.selenium.remote.RemoteWebDriver.findElementByName(RemoteWebDriver.java:449)\n\tat org.openqa.selenium.By$ByName.findElement(By.java:303)\n\tat org.openqa.selenium.remote.RemoteWebDriver.findElement(RemoteWebDriver.java:363)\n\tat org.openqa.selenium.support.pagefactory.DefaultElementLocator.findElement(DefaultElementLocator.java:69)\n\tat org.openqa.selenium.support.pagefactory.internal.LocatingElementHandler.invoke(LocatingElementHandler.java:38)\n\tat com.sun.proxy.$Proxy20.isDisplayed(Unknown Source)\n\tat org.openqa.selenium.support.ui.ExpectedConditions.elementIfVisible(ExpectedConditions.java:301)\n\tat org.openqa.selenium.support.ui.ExpectedConditions.access$100(ExpectedConditions.java:43)\n\tat org.openqa.selenium.support.ui.ExpectedConditions$10.apply(ExpectedConditions.java:287)\n\tat org.openqa.selenium.support.ui.ExpectedConditions$10.apply(ExpectedConditions.java:284)\n\tat org.openqa.selenium.support.ui.FluentWait.until(FluentWait.java:208)\n\tat pages.SendAppPage.<init>(SendAppPage.java:76)\n\tat steps.SendAppSteps.clickMinimal(SendAppSteps.java:33)\n\tat steps.ScenarioSteps.clickMinimal(ScenarioSteps.java:38)\n\tat sun.reflect.NativeMethodAccessorImpl.invoke0(Native Method)\n\tat sun.reflect.NativeMethodAccessorImpl.invoke(NativeMethodAccessorImpl.java:62)\n\tat sun.reflect.DelegatingMethodAccessorImpl.invoke(DelegatingMethodAccessorImpl.java:43)\n\tat java.lang.reflect.Method.invoke(Method.java:498)\n\tat cucumber.runtime.Utils$1.call(Utils.java:40)\n\tat cucumber.runtime.Timeout.timeout(Timeout.java:16)\n\tat cucumber.runtime.Utils.invoke(Utils.java:34)\n\tat cucumber.runtime.java.JavaStepDefinition.execute(JavaStepDefinition.java:38)\n\tat cucumber.runtime.StepDefinitionMatch.runStep(StepDefinitionMatch.java:37)\n\tat cucumber.runtime.Runtime.runStep(Runtime.java:300)\n\tat cucumber.runtime.model.StepContainer.runStep(StepContainer.java:44)\n\tat cucumber.runtime.model.StepContainer.runSteps(StepContainer.java:39)\n\tat cucumber.runtime.model.CucumberScenario.run(CucumberScenario.java:44)\n\tat cucumber.runtime.junit.ExecutionUnitRunner.run(ExecutionUnitRunner.java:102)\n\tat cucumber.runtime.junit.FeatureRunner.runChild(FeatureRunner.java:63)\n\tat cucumber.runtime.junit.FeatureRunner.runChild(FeatureRunner.java:18)\n\tat org.junit.runners.ParentRunner$3.run(ParentRunner.java:290)\n\tat org.junit.runners.ParentRunner$1.schedule(ParentRunner.java:71)\n\tat org.junit.runners.ParentRunner.runChildren(ParentRunner.java:288)\n\tat org.junit.runners.ParentRunner.access$000(ParentRunner.java:58)\n\tat org.junit.runners.ParentRunner$2.evaluate(ParentRunner.java:268)\n\tat org.junit.runners.ParentRunner.run(ParentRunner.java:363)\n\tat cucumber.runtime.junit.FeatureRunner.run(FeatureRunner.java:70)\n\tat cucumber.api.junit.Cucumber.runChild(Cucumber.java:95)\n\tat cucumber.api.junit.Cucumber.runChild(Cucumber.java:38)\n\tat org.junit.runners.ParentRunner$3.run(ParentRunner.java:290)\n\tat org.junit.runners.ParentRunner$1.schedule(ParentRunner.java:71)\n\tat org.junit.runners.ParentRunner.runChildren(ParentRunner.java:288)\n\tat org.junit.runners.ParentRunner.access$000(ParentRunner.java:58)\n\tat org.junit.runners.ParentRunner$2.evaluate(ParentRunner.java:268)\n\tat org.junit.runners.ParentRunner.run(ParentRunner.java:363)\n\tat cucumber.api.junit.Cucumber.run(Cucumber.java:100)\n\tat org.apache.maven.surefire.junit4.JUnit4Provider.execute(JUnit4Provider.java:367)\n\tat org.apache.maven.surefire.junit4.JUnit4Provider.executeWithRerun(JUnit4Provider.java:274)\n\tat org.apache.maven.surefire.junit4.JUnit4Provider.executeTestSet(JUnit4Provider.java:238)\n\tat org.apache.maven.surefire.junit4.JUnit4Provider.invoke(JUnit4Provider.java:161)\n\tat org.apache.maven.surefire.booter.ForkedBooter.invokeProviderInSameClassLoader(ForkedBooter.java:290)\n\tat org.apache.maven.surefire.booter.ForkedBooter.runSuitesInProcess(ForkedBooter.java:242)\n\tat org.apache.maven.surefire.booter.ForkedBooter.main(ForkedBooter.java:121)\n"
  },
  "description" : {
    "value" : null,
    "type" : "TEXT"
  },
  "severity" : "NORMAL",
  "status" : "BROKEN",
  "suite" : {
    "uid" : "88f9f708f734f47d",
    "name" : "Страхование",
    "title" : "Страхование"
  },
  "steps" : [ {
    "name" : "Когда выбран пункт меню \"Застраховать\"",
    "title" : "Когда выбран пункт меню \"Застраховать\"",
    "time" : {
      "start" : 1517614913841,
      "stop" : 1517614917139,
      "duration" : 3298
    },
    "summary" : {
      "attachments" : 0,
      "steps" : 1
    },
    "status" : "PASSED",
    "attachments" : [ ],
    "steps" : [ {
      "name" : "selectMainMenu[Застраховать]",
      "title" : "Выбран пункт меню - Застраховать себя и имущество",
      "time" : {
        "start" : 1517614915257,
        "stop" : 1517614917137,
        "duration" : 1880
      },
      "summary" : {
        "attachments" : 0,
        "steps" : 0
      },
      "status" : "PASSED",
      "attachments" : [ ],
      "steps" : [ ]
    } ]
  }, {
    "name" : "Тогда выбран пункт меню Страхование путешественников",
    "title" : "Тогда выбран пункт меню Страхование путешественников",
    "time" : {
      "start" : 1517614917139,
      "stop" : 1517614923827,
      "duration" : 6688
    },
    "summary" : {
      "attachments" : 0,
      "steps" : 1
    },
    "status" : "PASSED",
    "attachments" : [ ],
    "steps" : [ {
      "name" : "selectSubMenu",
      "title" : "Выбран пункт меню - Страхование путешественников",
      "time" : {
        "start" : 1517614917269,
        "stop" : 1517614923827,
        "duration" : 6558
      },
      "summary" : {
        "attachments" : 0,
        "steps" : 0
      },
      "status" : "PASSED",
      "attachments" : [ ],
      "steps" : [ ]
    } ]
  }, {
    "name" : "Когда выполнено нажатие на картинку Оформить",
    "title" : "Когда выполнено нажатие на картинку Оформить",
    "time" : {
      "start" : 1517614923829,
      "stop" : 1517614924728,
      "duration" : 899
    },
    "summary" : {
      "attachments" : 0,
      "steps" : 1
    },
    "status" : "PASSED",
    "attachments" : [ ],
    "steps" : [ {
      "name" : "stepExecuteButton",
      "title" : "Выполнено нажатие на кнопку Оформить",
      "time" : {
        "start" : 1517614923830,
        "stop" : 1517614924728,
        "duration" : 898
      },
      "summary" : {
        "attachments" : 0,
        "steps" : 0
      },
      "status" : "PASSED",
      "attachments" : [ ],
      "steps" : [ ]
    } ]
  }, {
    "name" : "Когда выполнен переход на новую вкладку",
    "title" : "Когда выполнен переход на новую вкладку",
    "time" : {
      "start" : 1517614924729,
      "stop" : 1517614924793,
      "duration" : 64
    },
    "summary" : {
      "attachments" : 0,
      "steps" : 1
    },
    "status" : "PASSED",
    "attachments" : [ ],
    "steps" : [ {
      "name" : "chVkladka",
      "title" : "Переход на следующую вкладку",
      "time" : {
        "start" : 1517614924741,
        "stop" : 1517614924792,
        "duration" : 51
      },
      "summary" : {
        "attachments" : 0,
        "steps" : 0
      },
      "status" : "PASSED",
      "attachments" : [ ],
      "steps" : [ ]
    } ]
  }, {
    "name" : "Когда нажатие на Минимальная",
    "title" : "Когда нажатие на Минимальная",
    "time" : {
      "start" : 1517614924793,
      "stop" : 1517614971592,
      "duration" : 46799
    },
    "summary" : {
      "attachments" : 1,
      "steps" : 1
    },
    "status" : "BROKEN",
    "attachments" : [ {
      "title" : "Скриншот в момент ошибки",
      "source" : "23850421-959a-47de-ae24-fcf642fc8117-attachment.png",
      "type" : "image/png",
      "size" : 70938,
      "uid" : "8e3df8a7655f4e04"
    } ],
    "steps" : [ {
      "name" : "clickMinimal",
      "title" : "Выбор - Минимальная",
      "time" : {
        "start" : 1517614924795,
        "stop" : 1517614970824,
        "duration" : 46029
      },
      "summary" : {
        "attachments" : 0,
        "steps" : 0
      },
      "status" : "BROKEN",
      "attachments" : [ ],
      "steps" : [ ]
    } ]
  }, {
    "name" : "И нажатие на Оформить",
    "title" : "И нажатие на Оформить",
    "time" : {
      "start" : 1517614971593,
      "stop" : 1517614971602,
      "duration" : 9
    },
    "summary" : {
      "attachments" : 0,
      "steps" : 0
    },
    "status" : "CANCELED",
    "attachments" : [ ],
    "steps" : [ ]
  }, {
    "name" : "Когда заполняются поля:",
    "title" : "Когда заполняются поля:",
    "time" : {
      "start" : 1517614971603,
      "stop" : 1517614971603,
      "duration" : 0
    },
    "summary" : {
      "attachments" : 0,
      "steps" : 0
    },
    "status" : "CANCELED",
    "attachments" : [ ],
    "steps" : [ ]
  }, {
    "name" : "Тогда значения полей равны:",
    "title" : "Тогда значения полей равны:",
    "time" : {
      "start" : 1517614971603,
      "stop" : 1517614971603,
      "duration" : 0
    },
    "summary" : {
      "attachments" : 0,
      "steps" : 0
    },
    "status" : "CANCELED",
    "attachments" : [ ],
    "steps" : [ ]
  }, {
    "name" : "Когда нажатие на Продолжить",
    "title" : "Когда нажатие на Продолжить",
    "time" : {
      "start" : 1517614971603,
      "stop" : 1517614971603,
      "duration" : 0
    },
    "summary" : {
      "attachments" : 0,
      "steps" : 0
    },
    "status" : "CANCELED",
    "attachments" : [ ],
    "steps" : [ ]
  }, {
    "name" : "Тогда наличие ошибки отсутсвия обязательных полей",
    "title" : "Тогда наличие ошибки отсутсвия обязательных полей",
    "time" : {
      "start" : 1517614971603,
      "stop" : 1517614971604,
      "duration" : 1
    },
    "summary" : {
      "attachments" : 0,
      "steps" : 0
    },
    "status" : "CANCELED",
    "attachments" : [ ],
    "steps" : [ ]
  } ],
  "attachments" : [ ],
  "issues" : [ ],
  "testIds" : [ ],
  "labels" : [ {
    "name" : "feature",
    "value" : "Страхование"
  }, {
    "name" : "suite-name",
    "value" : "Страхование"
  }, {
    "name" : "language",
    "value" : "JAVA"
  }, {
    "name" : "story",
    "value" : "Страхование путешественников"
  }, {
    "name" : "thread",
    "value" : "33579@MacBook-Pro-service.local.main(1)"
  }, {
    "name" : "suite-title",
    "value" : null
  }, {
    "name" : "framework",
    "value" : "CucumberJVM"
  }, {
    "name" : "host",
    "value" : "MacBook-Pro-service.local"
  } ],
  "parameters" : [ ]
}