{
  "defectsList" : [ {
    "title" : "Product defects",
    "status" : "FAILED",
    "defects" : [ ]
  }, {
    "title" : "Test defects",
    "status" : "BROKEN",
    "defects" : [ {
      "uid" : "d0ca119aa1673a8f",
      "failure" : {
        "message" : "NullPointerException: null",
        "stackTrace" : "java.lang.NullPointerException\n\tat pages.ResPage.fillField(ResPage.java:53)\n\tat pages.ResPage.assertFirstElement(ResPage.java:48)\n\tat steps.ResPageSteps.assertFirstElem(ResPageSteps.java:15)\n\tat steps.ScenerioSteps.assertFirstElem(ScenerioSteps.java:77)\n\tat ✽.Когда проверить поиск по первому значению(Телевизоры.feature:18)\n"
      },
      "testCases" : [ {
        "uid" : "eb1d28ee1e137b23",
        "name" : "Телевизоры",
        "title" : "Телевизоры",
        "time" : {
          "start" : 1518033178136,
          "stop" : 1518033229103,
          "duration" : 50967
        },
        "severity" : "NORMAL",
        "status" : "BROKEN"
      }, {
        "uid" : "1e9fe6cf8ca4dbca",
        "name" : "Телевизоры",
        "title" : "Телевизоры",
        "time" : {
          "start" : 1518114548271,
          "stop" : 1518114627158,
          "duration" : 78887
        },
        "severity" : "NORMAL",
        "status" : "BROKEN"
      }, {
        "uid" : "e90adacba152b043",
        "name" : "Телевизоры",
        "title" : "Телевизоры",
        "time" : {
          "start" : 1518121889089,
          "stop" : 1518121937265,
          "duration" : 48176
        },
        "severity" : "NORMAL",
        "status" : "BROKEN"
      }, {
        "uid" : "6e12a858fed5b9a8",
        "name" : "Телевизоры",
        "title" : "Телевизоры",
        "time" : {
          "start" : 1518203139759,
          "stop" : 1518203208121,
          "duration" : 68362
        },
        "severity" : "NORMAL",
        "status" : "BROKEN"
      }, {
        "uid" : "c9926456f8a5e2a6",
        "name" : "Телевизоры",
        "title" : "Телевизоры",
        "time" : {
          "start" : 1518115573704,
          "stop" : 1518115623271,
          "duration" : 49567
        },
        "severity" : "NORMAL",
        "status" : "BROKEN"
      }, {
        "uid" : "1e9fa81fd5fe53f6",
        "name" : "Телевизоры",
        "title" : "Телевизоры",
        "time" : {
          "start" : 1518116897831,
          "stop" : 1518116942212,
          "duration" : 44381
        },
        "severity" : "NORMAL",
        "status" : "BROKEN"
      }, {
        "uid" : "20d84f18bdc1bcdc",
        "name" : "Телевизоры",
        "title" : "Телевизоры",
        "time" : {
          "start" : 1518117968160,
          "stop" : 1518118006895,
          "duration" : 38735
        },
        "severity" : "NORMAL",
        "status" : "BROKEN"
      }, {
        "uid" : "2cc5bda9a84e0320",
        "name" : "Телевизоры",
        "title" : "Телевизоры",
        "time" : {
          "start" : 1518123104126,
          "stop" : 1518123157937,
          "duration" : 53811
        },
        "severity" : "NORMAL",
        "status" : "BROKEN"
      }, {
        "uid" : "7b5a2391021ebb61",
        "name" : "Телевизоры",
        "title" : "Телевизоры",
        "time" : {
          "start" : 1518204359371,
          "stop" : 1518204402881,
          "duration" : 43510
        },
        "severity" : "NORMAL",
        "status" : "BROKEN"
      }, {
        "uid" : "ec8c3850bb170b85",
        "name" : "Телевизоры",
        "title" : "Телевизоры",
        "time" : {
          "start" : 1518203738565,
          "stop" : 1518203774695,
          "duration" : 36130
        },
        "severity" : "NORMAL",
        "status" : "BROKEN"
      }, {
        "uid" : "a39b49065d3bfaec",
        "name" : "Телевизоры",
        "title" : "Телевизоры",
        "time" : {
          "start" : 1518121082773,
          "stop" : 1518121121156,
          "duration" : 38383
        },
        "severity" : "NORMAL",
        "status" : "BROKEN"
      }, {
        "uid" : "a66f023f601f4633",
        "name" : "Телевизоры",
        "title" : "Телевизоры",
        "time" : {
          "start" : 1518035151071,
          "stop" : 1518035208256,
          "duration" : 57185
        },
        "severity" : "NORMAL",
        "status" : "BROKEN"
      }, {
        "uid" : "3fa69c5834b13e75",
        "name" : "Телевизоры",
        "title" : "Телевизоры",
        "time" : {
          "start" : 1518122727000,
          "stop" : 1518122795750,
          "duration" : 68750
        },
        "severity" : "NORMAL",
        "status" : "BROKEN"
      }, {
        "uid" : "fc645428662175d3",
        "name" : "Телевизоры",
        "title" : "Телевизоры",
        "time" : {
          "start" : 1518204608694,
          "stop" : 1518204659665,
          "duration" : 50971
        },
        "severity" : "NORMAL",
        "status" : "BROKEN"
      }, {
        "uid" : "f8b9bd3ae90e62c7",
        "name" : "Телевизоры",
        "title" : "Телевизоры",
        "time" : {
          "start" : 1518205292433,
          "stop" : 1518205349472,
          "duration" : 57039
        },
        "severity" : "NORMAL",
        "status" : "BROKEN"
      }, {
        "uid" : "fd5d5bbfdeaa70ae",
        "name" : "Телевизоры",
        "title" : "Телевизоры",
        "time" : {
          "start" : 1518115767746,
          "stop" : 1518115817332,
          "duration" : 49586
        },
        "severity" : "NORMAL",
        "status" : "BROKEN"
      }, {
        "uid" : "8610eb50e80cd878",
        "name" : "Телевизоры",
        "title" : "Телевизоры",
        "time" : {
          "start" : 1518033899254,
          "stop" : 1518033935251,
          "duration" : 35997
        },
        "severity" : "NORMAL",
        "status" : "BROKEN"
      }, {
        "uid" : "5174813e6d836339",
        "name" : "Телевизоры",
        "title" : "Телевизоры",
        "time" : {
          "start" : 1518203596604,
          "stop" : 1518203633568,
          "duration" : 36964
        },
        "severity" : "NORMAL",
        "status" : "BROKEN"
      }, {
        "uid" : "5c50b32dcb938699",
        "name" : "Телевизоры",
        "title" : "Телевизоры",
        "time" : {
          "start" : 1518120437881,
          "stop" : 1518120493746,
          "duration" : 55865
        },
        "severity" : "NORMAL",
        "status" : "BROKEN"
      }, {
        "uid" : "6c8bf8b181eea0aa",
        "name" : "Телевизоры",
        "title" : "Телевизоры",
        "time" : {
          "start" : 1518123390393,
          "stop" : 1518123428146,
          "duration" : 37753
        },
        "severity" : "NORMAL",
        "status" : "BROKEN"
      }, {
        "uid" : "5d909688d258c3ce",
        "name" : "Телевизоры",
        "title" : "Телевизоры",
        "time" : {
          "start" : 1518204766917,
          "stop" : 1518204806714,
          "duration" : 39797
        },
        "severity" : "NORMAL",
        "status" : "BROKEN"
      }, {
        "uid" : "39f1005221c30254",
        "name" : "Телевизоры",
        "title" : "Телевизоры",
        "time" : {
          "start" : 1518029633425,
          "stop" : 1518029684741,
          "duration" : 51316
        },
        "severity" : "NORMAL",
        "status" : "BROKEN"
      }, {
        "uid" : "20809b7aa7e97c98",
        "name" : "Телевизоры",
        "title" : "Телевизоры",
        "time" : {
          "start" : 1518115256426,
          "stop" : 1518115316873,
          "duration" : 60447
        },
        "severity" : "NORMAL",
        "status" : "BROKEN"
      }, {
        "uid" : "b302add9af452d95",
        "name" : "Телевизоры",
        "title" : "Телевизоры",
        "time" : {
          "start" : 1518204270633,
          "stop" : 1518204314141,
          "duration" : 43508
        },
        "severity" : "NORMAL",
        "status" : "BROKEN"
      } ]
    }, {
      "uid" : "a24c62ad43d7b113",
      "failure" : {
        "message" : "TimeoutException: Expected condition failed: waiting for visibility of [[[[ChromeDriver: chrome on MAC (ebefd652a9866f53ab6400265c23723b)] -> xpath: //*[contains(@class,'topmenu__list')]/li[1]]] -> xpath: //*[contains(@class,'topmenu__sublist')]/a[contains(text(),'Электроника')]] (tried for 10 second(s) with 1000 MILLISECONDS interval)\nBuild info: version: '3.8.1', revision: '6e95a6684b', time: '2017-12-01T18:33:54.468Z'\nSystem info: host: 'MacBook-Pro-service.local', ip: '192.168.1.68', os.name: 'Mac OS X', os.arch: 'x86_64', os.version: '10.11.6', java.version: '1.8.0_151'\nDriver info: org.openqa.selenium.chrome.ChromeDriver\nCapabilities {acceptInsecureCerts: false, acceptSslCerts: false, applicationCacheEnabled: false, browserConnectionEnabled: false, browserName: chrome, chrome: {chromedriverVersion: 2.35.528157 (4429ca2590d698..., userDataDir: /var/folders/hc/3f86917112g...}, cssSelectorsEnabled: true, databaseEnabled: false, handlesAlerts: true, hasTouchScreen: false, javascriptEnabled: true, locationContextEnabled: true, mobileEmulationEnabled: false, nativeEvents: true, networkConnectionEnabled: false, pageLoadStrategy: normal, platform: MAC, platformName: MAC, rotatable: false, setWindowRect: true, takesHeapSnapshot: true, takesScreenshot: true, unexpectedAlertBehaviour: , unhandledPromptBehavior: , version: 64.0.3282.140, webStorageEnabled: true}\nSession ID: ebefd652a9866f53ab6400265c23723b",
        "stackTrace" : "org.openqa.selenium.TimeoutException: Expected condition failed: waiting for visibility of [[[[ChromeDriver: chrome on MAC (ebefd652a9866f53ab6400265c23723b)] -> xpath: //*[contains(@class,'topmenu__list')]/li[1]]] -> xpath: //*[contains(@class,'topmenu__sublist')]/a[contains(text(),'Электроника')]] (tried for 10 second(s) with 1000 MILLISECONDS interval)\nBuild info: version: '3.8.1', revision: '6e95a6684b', time: '2017-12-01T18:33:54.468Z'\nSystem info: host: 'MacBook-Pro-service.local', ip: '192.168.1.68', os.name: 'Mac OS X', os.arch: 'x86_64', os.version: '10.11.6', java.version: '1.8.0_151'\nDriver info: org.openqa.selenium.chrome.ChromeDriver\nCapabilities {acceptInsecureCerts: false, acceptSslCerts: false, applicationCacheEnabled: false, browserConnectionEnabled: false, browserName: chrome, chrome: {chromedriverVersion: 2.35.528157 (4429ca2590d698..., userDataDir: /var/folders/hc/3f86917112g...}, cssSelectorsEnabled: true, databaseEnabled: false, handlesAlerts: true, hasTouchScreen: false, javascriptEnabled: true, locationContextEnabled: true, mobileEmulationEnabled: false, nativeEvents: true, networkConnectionEnabled: false, pageLoadStrategy: normal, platform: MAC, platformName: MAC, rotatable: false, setWindowRect: true, takesHeapSnapshot: true, takesScreenshot: true, unexpectedAlertBehaviour: , unhandledPromptBehavior: , version: 64.0.3282.140, webStorageEnabled: true}\nSession ID: ebefd652a9866f53ab6400265c23723b\n\tat org.openqa.selenium.support.ui.WebDriverWait.timeoutException(WebDriverWait.java:82)\n\tat org.openqa.selenium.support.ui.FluentWait.until(FluentWait.java:231)\n\tat pages.MainPage.selectMainMenu(MainPage.java:34)\n\tat steps.MainPageSteps.selectMainMenu(MainPageSteps.java:12)\n\tat steps.ScenerioSteps.selectMainMenuItem(ScenerioSteps.java:25)\n\tat ✽.Когда выбран пункт меню \"Электроника\"(Телевизоры.feature:7)\n"
      },
      "testCases" : [ {
        "uid" : "c7719dff01e75c3d",
        "name" : "Телевизоры",
        "title" : "Телевизоры",
        "time" : {
          "start" : 1517863980593,
          "stop" : 1517864010814,
          "duration" : 30221
        },
        "severity" : "NORMAL",
        "status" : "BROKEN"
      } ]
    }, {
      "uid" : "84827304f3bd5272",
      "failure" : {
        "message" : "ElementNotVisibleException: element not visible\n  (Session info: chrome=64.0.3282.140)\n  (Driver info: chromedriver=2.35.528157 (4429ca2590d6988c0745c24c8858745aaaec01ef),platform=Mac OS X 10.11.6 x86_64) (WARNING: The server did not provide any stacktrace information)\nCommand duration or timeout: 0 milliseconds\nBuild info: version: '3.8.1', revision: '6e95a6684b', time: '2017-12-01T18:33:54.468Z'\nSystem info: host: 'MacBook-Pro-service.local', ip: '192.168.1.68', os.name: 'Mac OS X', os.arch: 'x86_64', os.version: '10.11.6', java.version: '1.8.0_151'\nDriver info: org.openqa.selenium.chrome.ChromeDriver\nCapabilities {acceptInsecureCerts: false, acceptSslCerts: false, applicationCacheEnabled: false, browserConnectionEnabled: false, browserName: chrome, chrome: {chromedriverVersion: 2.35.528157 (4429ca2590d698..., userDataDir: /var/folders/hc/3f86917112g...}, cssSelectorsEnabled: true, databaseEnabled: false, handlesAlerts: true, hasTouchScreen: false, javascriptEnabled: true, locationContextEnabled: true, mobileEmulationEnabled: false, nativeEvents: true, networkConnectionEnabled: false, pageLoadStrategy: normal, platform: MAC, platformName: MAC, rotatable: false, setWindowRect: true, takesHeapSnapshot: true, takesScreenshot: true, unexpectedAlertBehaviour: , unhandledPromptBehavior: , version: 64.0.3282.140, webStorageEnabled: true}\nSession ID: b0047665598dc3fc94fc2552f7069074",
        "stackTrace" : "org.openqa.selenium.ElementNotVisibleException: element not visible\n  (Session info: chrome=64.0.3282.140)\n  (Driver info: chromedriver=2.35.528157 (4429ca2590d6988c0745c24c8858745aaaec01ef),platform=Mac OS X 10.11.6 x86_64) (WARNING: The server did not provide any stacktrace information)\nCommand duration or timeout: 0 milliseconds\nBuild info: version: '3.8.1', revision: '6e95a6684b', time: '2017-12-01T18:33:54.468Z'\nSystem info: host: 'MacBook-Pro-service.local', ip: '192.168.1.68', os.name: 'Mac OS X', os.arch: 'x86_64', os.version: '10.11.6', java.version: '1.8.0_151'\nDriver info: org.openqa.selenium.chrome.ChromeDriver\nCapabilities {acceptInsecureCerts: false, acceptSslCerts: false, applicationCacheEnabled: false, browserConnectionEnabled: false, browserName: chrome, chrome: {chromedriverVersion: 2.35.528157 (4429ca2590d698..., userDataDir: /var/folders/hc/3f86917112g...}, cssSelectorsEnabled: true, databaseEnabled: false, handlesAlerts: true, hasTouchScreen: false, javascriptEnabled: true, locationContextEnabled: true, mobileEmulationEnabled: false, nativeEvents: true, networkConnectionEnabled: false, pageLoadStrategy: normal, platform: MAC, platformName: MAC, rotatable: false, setWindowRect: true, takesHeapSnapshot: true, takesScreenshot: true, unexpectedAlertBehaviour: , unhandledPromptBehavior: , version: 64.0.3282.140, webStorageEnabled: true}\nSession ID: b0047665598dc3fc94fc2552f7069074\n\tat sun.reflect.NativeConstructorAccessorImpl.newInstance0(Native Method)\n\tat sun.reflect.NativeConstructorAccessorImpl.newInstance(NativeConstructorAccessorImpl.java:62)\n\tat sun.reflect.DelegatingConstructorAccessorImpl.newInstance(DelegatingConstructorAccessorImpl.java:45)\n\tat java.lang.reflect.Constructor.newInstance(Constructor.java:423)\n\tat org.openqa.selenium.remote.ErrorHandler.createThrowable(ErrorHandler.java:214)\n\tat org.openqa.selenium.remote.ErrorHandler.throwIfResponseFailed(ErrorHandler.java:166)\n\tat org.openqa.selenium.remote.http.JsonHttpResponseCodec.reconstructValue(JsonHttpResponseCodec.java:40)\n\tat org.openqa.selenium.remote.http.AbstractHttpResponseCodec.decode(AbstractHttpResponseCodec.java:80)\n\tat org.openqa.selenium.remote.http.AbstractHttpResponseCodec.decode(AbstractHttpResponseCodec.java:44)\n\tat org.openqa.selenium.remote.HttpCommandExecutor.execute(HttpCommandExecutor.java:164)\n\tat org.openqa.selenium.remote.service.DriverCommandExecutor.execute(DriverCommandExecutor.java:83)\n\tat org.openqa.selenium.remote.RemoteWebDriver.execute(RemoteWebDriver.java:601)\n\tat org.openqa.selenium.remote.RemoteWebElement.execute(RemoteWebElement.java:279)\n\tat org.openqa.selenium.remote.RemoteWebElement.click(RemoteWebElement.java:83)\n\tat pages.MainPage.selectMainMenu(MainPage.java:27)\n\tat steps.MainPageSteps.selectMainMenu(MainPageSteps.java:12)\n\tat steps.ScenerioSteps.selectMainMenuItem(ScenerioSteps.java:25)\n\tat ✽.Когда выбран пункт меню \"Электроника\"(Телевизоры.feature:7)\n"
      },
      "testCases" : [ {
        "uid" : "6b26c7875c7c6d82",
        "name" : "Страхование путешественников",
        "title" : "Страхование путешественников",
        "time" : {
          "start" : 1517863073445,
          "stop" : 1517863111748,
          "duration" : 38303
        },
        "severity" : "NORMAL",
        "status" : "BROKEN"
      } ]
    }, {
      "uid" : "3a876138078e8344",
      "failure" : {
        "message" : "TimeoutException: Expected condition failed: waiting for visibility of [[ChromeDriver: chrome on MAC (5d40daf46740d872927f541e9e20db55)] -> xpath: //*/li[1]/div/div/a[3][contains(text(),'Телевизоры')]] (tried for 10 second(s) with 1000 MILLISECONDS interval)\nBuild info: version: '3.8.1', revision: '6e95a6684b', time: '2017-12-01T18:33:54.468Z'\nSystem info: host: 'MacBook-Pro-service.local', ip: '192.168.1.68', os.name: 'Mac OS X', os.arch: 'x86_64', os.version: '10.11.6', java.version: '1.8.0_151'\nDriver info: org.openqa.selenium.chrome.ChromeDriver\nCapabilities {acceptInsecureCerts: false, acceptSslCerts: false, applicationCacheEnabled: false, browserConnectionEnabled: false, browserName: chrome, chrome: {chromedriverVersion: 2.35.528157 (4429ca2590d698..., userDataDir: /var/folders/hc/3f86917112g...}, cssSelectorsEnabled: true, databaseEnabled: false, handlesAlerts: true, hasTouchScreen: false, javascriptEnabled: true, locationContextEnabled: true, mobileEmulationEnabled: false, nativeEvents: true, networkConnectionEnabled: false, pageLoadStrategy: normal, platform: MAC, platformName: MAC, rotatable: false, setWindowRect: true, takesHeapSnapshot: true, takesScreenshot: true, unexpectedAlertBehaviour: , unhandledPromptBehavior: , version: 64.0.3282.140, webStorageEnabled: true}\nSession ID: 5d40daf46740d872927f541e9e20db55",
        "stackTrace" : "org.openqa.selenium.TimeoutException: Expected condition failed: waiting for visibility of [[ChromeDriver: chrome on MAC (5d40daf46740d872927f541e9e20db55)] -> xpath: //*/li[1]/div/div/a[3][contains(text(),'Телевизоры')]] (tried for 10 second(s) with 1000 MILLISECONDS interval)\nBuild info: version: '3.8.1', revision: '6e95a6684b', time: '2017-12-01T18:33:54.468Z'\nSystem info: host: 'MacBook-Pro-service.local', ip: '192.168.1.68', os.name: 'Mac OS X', os.arch: 'x86_64', os.version: '10.11.6', java.version: '1.8.0_151'\nDriver info: org.openqa.selenium.chrome.ChromeDriver\nCapabilities {acceptInsecureCerts: false, acceptSslCerts: false, applicationCacheEnabled: false, browserConnectionEnabled: false, browserName: chrome, chrome: {chromedriverVersion: 2.35.528157 (4429ca2590d698..., userDataDir: /var/folders/hc/3f86917112g...}, cssSelectorsEnabled: true, databaseEnabled: false, handlesAlerts: true, hasTouchScreen: false, javascriptEnabled: true, locationContextEnabled: true, mobileEmulationEnabled: false, nativeEvents: true, networkConnectionEnabled: false, pageLoadStrategy: normal, platform: MAC, platformName: MAC, rotatable: false, setWindowRect: true, takesHeapSnapshot: true, takesScreenshot: true, unexpectedAlertBehaviour: , unhandledPromptBehavior: , version: 64.0.3282.140, webStorageEnabled: true}\nSession ID: 5d40daf46740d872927f541e9e20db55\n\tat org.openqa.selenium.support.ui.WebDriverWait.timeoutException(WebDriverWait.java:82)\n\tat org.openqa.selenium.support.ui.FluentWait.until(FluentWait.java:231)\n\tat pages.MainPage.selectSubMenu(MainPage.java:39)\n\tat steps.MainPageSteps.selectSubMenu(MainPageSteps.java:17)\n\tat steps.ScenerioSteps.selectSubMenuItem(ScenerioSteps.java:21)\n\tat ✽.Тогда выбран пункт меню Телевизоры(Телевизоры.feature:8)\n"
      },
      "testCases" : [ {
        "uid" : "a5c9efb70667acfd",
        "name" : "Телевизоры",
        "title" : "Телевизоры",
        "time" : {
          "start" : 1517942227209,
          "stop" : 1517942259116,
          "duration" : 31907
        },
        "severity" : "NORMAL",
        "status" : "BROKEN"
      } ]
    }, {
      "uid" : "308b0d876154a9",
      "failure" : {
        "message" : "TimeoutException: Expected condition failed: waiting for visibility of [[[[ChromeDriver: chrome on MAC (06df14226f6fe077457040ae732d86ea)] -> xpath: //*[contains(@class,'topmenu__list')]/li[1]]] -> xpath: //*[contains(@class,'topmenu__sublist')]/a[contains(text(),'Электроника')]] (tried for 10 second(s) with 1000 MILLISECONDS interval)\nBuild info: version: '3.8.1', revision: '6e95a6684b', time: '2017-12-01T18:33:54.468Z'\nSystem info: host: 'MacBook-Pro-service.local', ip: '192.168.1.68', os.name: 'Mac OS X', os.arch: 'x86_64', os.version: '10.11.6', java.version: '1.8.0_151'\nDriver info: org.openqa.selenium.chrome.ChromeDriver\nCapabilities {acceptInsecureCerts: false, acceptSslCerts: false, applicationCacheEnabled: false, browserConnectionEnabled: false, browserName: chrome, chrome: {chromedriverVersion: 2.35.528157 (4429ca2590d698..., userDataDir: /var/folders/hc/3f86917112g...}, cssSelectorsEnabled: true, databaseEnabled: false, handlesAlerts: true, hasTouchScreen: false, javascriptEnabled: true, locationContextEnabled: true, mobileEmulationEnabled: false, nativeEvents: true, networkConnectionEnabled: false, pageLoadStrategy: normal, platform: MAC, platformName: MAC, rotatable: false, setWindowRect: true, takesHeapSnapshot: true, takesScreenshot: true, unexpectedAlertBehaviour: , unhandledPromptBehavior: , version: 64.0.3282.140, webStorageEnabled: true}\nSession ID: 06df14226f6fe077457040ae732d86ea",
        "stackTrace" : "org.openqa.selenium.TimeoutException: Expected condition failed: waiting for visibility of [[[[ChromeDriver: chrome on MAC (06df14226f6fe077457040ae732d86ea)] -> xpath: //*[contains(@class,'topmenu__list')]/li[1]]] -> xpath: //*[contains(@class,'topmenu__sublist')]/a[contains(text(),'Электроника')]] (tried for 10 second(s) with 1000 MILLISECONDS interval)\nBuild info: version: '3.8.1', revision: '6e95a6684b', time: '2017-12-01T18:33:54.468Z'\nSystem info: host: 'MacBook-Pro-service.local', ip: '192.168.1.68', os.name: 'Mac OS X', os.arch: 'x86_64', os.version: '10.11.6', java.version: '1.8.0_151'\nDriver info: org.openqa.selenium.chrome.ChromeDriver\nCapabilities {acceptInsecureCerts: false, acceptSslCerts: false, applicationCacheEnabled: false, browserConnectionEnabled: false, browserName: chrome, chrome: {chromedriverVersion: 2.35.528157 (4429ca2590d698..., userDataDir: /var/folders/hc/3f86917112g...}, cssSelectorsEnabled: true, databaseEnabled: false, handlesAlerts: true, hasTouchScreen: false, javascriptEnabled: true, locationContextEnabled: true, mobileEmulationEnabled: false, nativeEvents: true, networkConnectionEnabled: false, pageLoadStrategy: normal, platform: MAC, platformName: MAC, rotatable: false, setWindowRect: true, takesHeapSnapshot: true, takesScreenshot: true, unexpectedAlertBehaviour: , unhandledPromptBehavior: , version: 64.0.3282.140, webStorageEnabled: true}\nSession ID: 06df14226f6fe077457040ae732d86ea\n\tat org.openqa.selenium.support.ui.WebDriverWait.timeoutException(WebDriverWait.java:82)\n\tat org.openqa.selenium.support.ui.FluentWait.until(FluentWait.java:231)\n\tat pages.MainPage.selectMainMenu(MainPage.java:32)\n\tat steps.MainPageSteps.selectMainMenu(MainPageSteps.java:12)\n\tat steps.ScenerioSteps.selectMainMenuItem(ScenerioSteps.java:25)\n\tat ✽.Когда выбран пункт меню \"Электроника\"(Телевизоры.feature:7)\n"
      },
      "testCases" : [ {
        "uid" : "529555f74aed84c6",
        "name" : "Телевизоры",
        "title" : "Телевизоры",
        "time" : {
          "start" : 1517864820396,
          "stop" : 1517864848114,
          "duration" : 27718
        },
        "severity" : "NORMAL",
        "status" : "BROKEN"
      } ]
    }, {
      "uid" : "715e3c3a1bdbe8f5",
      "failure" : {
        "message" : "ElementNotVisibleException: element not visible\n  (Session info: chrome=64.0.3282.140)\n  (Driver info: chromedriver=2.35.528157 (4429ca2590d6988c0745c24c8858745aaaec01ef),platform=Mac OS X 10.11.6 x86_64) (WARNING: The server did not provide any stacktrace information)\nCommand duration or timeout: 0 milliseconds\nBuild info: version: '3.8.1', revision: '6e95a6684b', time: '2017-12-01T18:33:54.468Z'\nSystem info: host: 'MacBook-Pro-service.local', ip: '192.168.1.68', os.name: 'Mac OS X', os.arch: 'x86_64', os.version: '10.11.6', java.version: '1.8.0_151'\nDriver info: org.openqa.selenium.chrome.ChromeDriver\nCapabilities {acceptInsecureCerts: false, acceptSslCerts: false, applicationCacheEnabled: false, browserConnectionEnabled: false, browserName: chrome, chrome: {chromedriverVersion: 2.35.528157 (4429ca2590d698..., userDataDir: /var/folders/hc/3f86917112g...}, cssSelectorsEnabled: true, databaseEnabled: false, handlesAlerts: true, hasTouchScreen: false, javascriptEnabled: true, locationContextEnabled: true, mobileEmulationEnabled: false, nativeEvents: true, networkConnectionEnabled: false, pageLoadStrategy: normal, platform: MAC, platformName: MAC, rotatable: false, setWindowRect: true, takesHeapSnapshot: true, takesScreenshot: true, unexpectedAlertBehaviour: , unhandledPromptBehavior: , version: 64.0.3282.140, webStorageEnabled: true}\nSession ID: 6b7d12bb761d840e89dcea966c837b40",
        "stackTrace" : "org.openqa.selenium.ElementNotVisibleException: element not visible\n  (Session info: chrome=64.0.3282.140)\n  (Driver info: chromedriver=2.35.528157 (4429ca2590d6988c0745c24c8858745aaaec01ef),platform=Mac OS X 10.11.6 x86_64) (WARNING: The server did not provide any stacktrace information)\nCommand duration or timeout: 0 milliseconds\nBuild info: version: '3.8.1', revision: '6e95a6684b', time: '2017-12-01T18:33:54.468Z'\nSystem info: host: 'MacBook-Pro-service.local', ip: '192.168.1.68', os.name: 'Mac OS X', os.arch: 'x86_64', os.version: '10.11.6', java.version: '1.8.0_151'\nDriver info: org.openqa.selenium.chrome.ChromeDriver\nCapabilities {acceptInsecureCerts: false, acceptSslCerts: false, applicationCacheEnabled: false, browserConnectionEnabled: false, browserName: chrome, chrome: {chromedriverVersion: 2.35.528157 (4429ca2590d698..., userDataDir: /var/folders/hc/3f86917112g...}, cssSelectorsEnabled: true, databaseEnabled: false, handlesAlerts: true, hasTouchScreen: false, javascriptEnabled: true, locationContextEnabled: true, mobileEmulationEnabled: false, nativeEvents: true, networkConnectionEnabled: false, pageLoadStrategy: normal, platform: MAC, platformName: MAC, rotatable: false, setWindowRect: true, takesHeapSnapshot: true, takesScreenshot: true, unexpectedAlertBehaviour: , unhandledPromptBehavior: , version: 64.0.3282.140, webStorageEnabled: true}\nSession ID: 6b7d12bb761d840e89dcea966c837b40\n\tat sun.reflect.NativeConstructorAccessorImpl.newInstance0(Native Method)\n\tat sun.reflect.NativeConstructorAccessorImpl.newInstance(NativeConstructorAccessorImpl.java:62)\n\tat sun.reflect.DelegatingConstructorAccessorImpl.newInstance(DelegatingConstructorAccessorImpl.java:45)\n\tat java.lang.reflect.Constructor.newInstance(Constructor.java:423)\n\tat org.openqa.selenium.remote.ErrorHandler.createThrowable(ErrorHandler.java:214)\n\tat org.openqa.selenium.remote.ErrorHandler.throwIfResponseFailed(ErrorHandler.java:166)\n\tat org.openqa.selenium.remote.http.JsonHttpResponseCodec.reconstructValue(JsonHttpResponseCodec.java:40)\n\tat org.openqa.selenium.remote.http.AbstractHttpResponseCodec.decode(AbstractHttpResponseCodec.java:80)\n\tat org.openqa.selenium.remote.http.AbstractHttpResponseCodec.decode(AbstractHttpResponseCodec.java:44)\n\tat org.openqa.selenium.remote.HttpCommandExecutor.execute(HttpCommandExecutor.java:164)\n\tat org.openqa.selenium.remote.service.DriverCommandExecutor.execute(DriverCommandExecutor.java:83)\n\tat org.openqa.selenium.remote.RemoteWebDriver.execute(RemoteWebDriver.java:601)\n\tat org.openqa.selenium.remote.RemoteWebElement.execute(RemoteWebElement.java:279)\n\tat org.openqa.selenium.remote.RemoteWebElement.click(RemoteWebElement.java:83)\n\tat pages.MainPage.selectMainMenu(MainPage.java:38)\n\tat steps.MainPageSteps.selectMainMenu(MainPageSteps.java:12)\n\tat steps.ScenerioSteps.selectMainMenuItem(ScenerioSteps.java:25)\n\tat ✽.Когда выбран пункт меню \"Электроника\"(Телевизоры.feature:7)\n"
      },
      "testCases" : [ {
        "uid" : "6c306f8774d8ecd1",
        "name" : "Телевизоры",
        "title" : "Телевизоры",
        "time" : {
          "start" : 1517863674149,
          "stop" : 1517863696962,
          "duration" : 22813
        },
        "severity" : "NORMAL",
        "status" : "BROKEN"
      } ]
    }, {
      "uid" : "fd5b40c876c88972",
      "failure" : {
        "message" : "InvalidSelectorException: invalid selector: Unable to locate an element with the xpath expression (//*[contains(@class,'n-snippet-card2 i-bem b-zone b-spy-visible b-spy-visible_js_inited b-zone_js_inited n-snippet-card2_js_inited')]/div[4]/div/div/a because of the following error:\nSyntaxError: Failed to execute 'evaluate' on 'Document': The string '(//*[contains(@class,'n-snippet-card2 i-bem b-zone b-spy-visible b-spy-visible_js_inited b-zone_js_inited n-snippet-card2_js_inited')]/div[4]/div/div/a' is not a valid XPath expression.\n  (Session info: chrome=64.0.3282.140)\n  (Driver info: chromedriver=2.35.528157 (4429ca2590d6988c0745c24c8858745aaaec01ef),platform=Mac OS X 10.11.6 x86_64) (WARNING: The server did not provide any stacktrace information)\nCommand duration or timeout: 0 milliseconds\nFor documentation on this error, please visit: http://seleniumhq.org/exceptions/invalid_selector_exception.html\nBuild info: version: '3.8.1', revision: '6e95a6684b', time: '2017-12-01T18:33:54.468Z'\nSystem info: host: 'MacBook-Pro-service.local', ip: '192.168.1.68', os.name: 'Mac OS X', os.arch: 'x86_64', os.version: '10.11.6', java.version: '1.8.0_151'\nDriver info: org.openqa.selenium.chrome.ChromeDriver\nCapabilities {acceptInsecureCerts: false, acceptSslCerts: false, applicationCacheEnabled: false, browserConnectionEnabled: false, browserName: chrome, chrome: {chromedriverVersion: 2.35.528157 (4429ca2590d698..., userDataDir: /var/folders/hc/3f86917112g...}, cssSelectorsEnabled: true, databaseEnabled: false, handlesAlerts: true, hasTouchScreen: false, javascriptEnabled: true, locationContextEnabled: true, mobileEmulationEnabled: false, nativeEvents: true, networkConnectionEnabled: false, pageLoadStrategy: normal, platform: MAC, platformName: MAC, rotatable: false, setWindowRect: true, takesHeapSnapshot: true, takesScreenshot: true, unexpectedAlertBehaviour: , unhandledPromptBehavior: , version: 64.0.3282.140, webStorageEnabled: true}\nSession ID: 0df4e239236d4568b649a5dccf5d1931\n*** Element info: {Using=xpath, value=(//*[contains(@class,'n-snippet-card2 i-bem b-zone b-spy-visible b-spy-visible_js_inited b-zone_js_inited n-snippet-card2_js_inited')]/div[4]/div/div/a}",
        "stackTrace" : "org.openqa.selenium.InvalidSelectorException: invalid selector: Unable to locate an element with the xpath expression (//*[contains(@class,'n-snippet-card2 i-bem b-zone b-spy-visible b-spy-visible_js_inited b-zone_js_inited n-snippet-card2_js_inited')]/div[4]/div/div/a because of the following error:\nSyntaxError: Failed to execute 'evaluate' on 'Document': The string '(//*[contains(@class,'n-snippet-card2 i-bem b-zone b-spy-visible b-spy-visible_js_inited b-zone_js_inited n-snippet-card2_js_inited')]/div[4]/div/div/a' is not a valid XPath expression.\n  (Session info: chrome=64.0.3282.140)\n  (Driver info: chromedriver=2.35.528157 (4429ca2590d6988c0745c24c8858745aaaec01ef),platform=Mac OS X 10.11.6 x86_64) (WARNING: The server did not provide any stacktrace information)\nCommand duration or timeout: 0 milliseconds\nFor documentation on this error, please visit: http://seleniumhq.org/exceptions/invalid_selector_exception.html\nBuild info: version: '3.8.1', revision: '6e95a6684b', time: '2017-12-01T18:33:54.468Z'\nSystem info: host: 'MacBook-Pro-service.local', ip: '192.168.1.68', os.name: 'Mac OS X', os.arch: 'x86_64', os.version: '10.11.6', java.version: '1.8.0_151'\nDriver info: org.openqa.selenium.chrome.ChromeDriver\nCapabilities {acceptInsecureCerts: false, acceptSslCerts: false, applicationCacheEnabled: false, browserConnectionEnabled: false, browserName: chrome, chrome: {chromedriverVersion: 2.35.528157 (4429ca2590d698..., userDataDir: /var/folders/hc/3f86917112g...}, cssSelectorsEnabled: true, databaseEnabled: false, handlesAlerts: true, hasTouchScreen: false, javascriptEnabled: true, locationContextEnabled: true, mobileEmulationEnabled: false, nativeEvents: true, networkConnectionEnabled: false, pageLoadStrategy: normal, platform: MAC, platformName: MAC, rotatable: false, setWindowRect: true, takesHeapSnapshot: true, takesScreenshot: true, unexpectedAlertBehaviour: , unhandledPromptBehavior: , version: 64.0.3282.140, webStorageEnabled: true}\nSession ID: 0df4e239236d4568b649a5dccf5d1931\n*** Element info: {Using=xpath, value=(//*[contains(@class,'n-snippet-card2 i-bem b-zone b-spy-visible b-spy-visible_js_inited b-zone_js_inited n-snippet-card2_js_inited')]/div[4]/div/div/a}\n\tat sun.reflect.NativeConstructorAccessorImpl.newInstance0(Native Method)\n\tat sun.reflect.NativeConstructorAccessorImpl.newInstance(NativeConstructorAccessorImpl.java:62)\n\tat sun.reflect.DelegatingConstructorAccessorImpl.newInstance(DelegatingConstructorAccessorImpl.java:45)\n\tat java.lang.reflect.Constructor.newInstance(Constructor.java:423)\n\tat org.openqa.selenium.remote.ErrorHandler.createThrowable(ErrorHandler.java:214)\n\tat org.openqa.selenium.remote.ErrorHandler.throwIfResponseFailed(ErrorHandler.java:166)\n\tat org.openqa.selenium.remote.http.JsonHttpResponseCodec.reconstructValue(JsonHttpResponseCodec.java:40)\n\tat org.openqa.selenium.remote.http.AbstractHttpResponseCodec.decode(AbstractHttpResponseCodec.java:80)\n\tat org.openqa.selenium.remote.http.AbstractHttpResponseCodec.decode(AbstractHttpResponseCodec.java:44)\n\tat org.openqa.selenium.remote.HttpCommandExecutor.execute(HttpCommandExecutor.java:164)\n\tat org.openqa.selenium.remote.service.DriverCommandExecutor.execute(DriverCommandExecutor.java:83)\n\tat org.openqa.selenium.remote.RemoteWebDriver.execute(RemoteWebDriver.java:601)\n\tat org.openqa.selenium.remote.RemoteWebDriver.findElement(RemoteWebDriver.java:371)\n\tat org.openqa.selenium.remote.RemoteWebDriver.findElementByXPath(RemoteWebDriver.java:473)\n\tat org.openqa.selenium.By$ByXPath.findElement(By.java:361)\n\tat org.openqa.selenium.remote.RemoteWebDriver.findElement(RemoteWebDriver.java:363)\n\tat pages.ResPage.assertFirstElement(ResPage.java:47)\n\tat steps.ResPageSteps.assertFirstElem(ResPageSteps.java:15)\n\tat steps.ScenerioSteps.assertFirstElem(ScenerioSteps.java:77)\n\tat ✽.Когда проверить поиск по первому значению(Телевизоры.feature:18)\n"
      },
      "testCases" : [ {
        "uid" : "90b5ee9398bfb03",
        "name" : "Телевизоры",
        "title" : "Телевизоры",
        "time" : {
          "start" : 1518030225984,
          "stop" : 1518030296979,
          "duration" : 70995
        },
        "severity" : "NORMAL",
        "status" : "BROKEN"
      } ]
    }, {
      "uid" : "5a47a716aa4da8",
      "failure" : {
        "message" : "TimeoutException: Expected condition failed: waiting for visibility of [[[[ChromeDriver: chrome on MAC (2da7d673a27be0aca5cff47a65ad5762)] -> xpath: //*[contains(@class,'topmenu__list')]/li[1]]] -> xpath: //*[contains(@class,'topmenu__sublist')]/a[contains(text(),'Электроника')]] (tried for 10 second(s) with 1000 MILLISECONDS interval)\nBuild info: version: '3.8.1', revision: '6e95a6684b', time: '2017-12-01T18:33:54.468Z'\nSystem info: host: 'MacBook-Pro-service.local', ip: '192.168.1.68', os.name: 'Mac OS X', os.arch: 'x86_64', os.version: '10.11.6', java.version: '1.8.0_151'\nDriver info: org.openqa.selenium.chrome.ChromeDriver\nCapabilities {acceptInsecureCerts: false, acceptSslCerts: false, applicationCacheEnabled: false, browserConnectionEnabled: false, browserName: chrome, chrome: {chromedriverVersion: 2.35.528157 (4429ca2590d698..., userDataDir: /var/folders/hc/3f86917112g...}, cssSelectorsEnabled: true, databaseEnabled: false, handlesAlerts: true, hasTouchScreen: false, javascriptEnabled: true, locationContextEnabled: true, mobileEmulationEnabled: false, nativeEvents: true, networkConnectionEnabled: false, pageLoadStrategy: normal, platform: MAC, platformName: MAC, rotatable: false, setWindowRect: true, takesHeapSnapshot: true, takesScreenshot: true, unexpectedAlertBehaviour: , unhandledPromptBehavior: , version: 64.0.3282.140, webStorageEnabled: true}\nSession ID: 2da7d673a27be0aca5cff47a65ad5762",
        "stackTrace" : "org.openqa.selenium.TimeoutException: Expected condition failed: waiting for visibility of [[[[ChromeDriver: chrome on MAC (2da7d673a27be0aca5cff47a65ad5762)] -> xpath: //*[contains(@class,'topmenu__list')]/li[1]]] -> xpath: //*[contains(@class,'topmenu__sublist')]/a[contains(text(),'Электроника')]] (tried for 10 second(s) with 1000 MILLISECONDS interval)\nBuild info: version: '3.8.1', revision: '6e95a6684b', time: '2017-12-01T18:33:54.468Z'\nSystem info: host: 'MacBook-Pro-service.local', ip: '192.168.1.68', os.name: 'Mac OS X', os.arch: 'x86_64', os.version: '10.11.6', java.version: '1.8.0_151'\nDriver info: org.openqa.selenium.chrome.ChromeDriver\nCapabilities {acceptInsecureCerts: false, acceptSslCerts: false, applicationCacheEnabled: false, browserConnectionEnabled: false, browserName: chrome, chrome: {chromedriverVersion: 2.35.528157 (4429ca2590d698..., userDataDir: /var/folders/hc/3f86917112g...}, cssSelectorsEnabled: true, databaseEnabled: false, handlesAlerts: true, hasTouchScreen: false, javascriptEnabled: true, locationContextEnabled: true, mobileEmulationEnabled: false, nativeEvents: true, networkConnectionEnabled: false, pageLoadStrategy: normal, platform: MAC, platformName: MAC, rotatable: false, setWindowRect: true, takesHeapSnapshot: true, takesScreenshot: true, unexpectedAlertBehaviour: , unhandledPromptBehavior: , version: 64.0.3282.140, webStorageEnabled: true}\nSession ID: 2da7d673a27be0aca5cff47a65ad5762\n\tat org.openqa.selenium.support.ui.WebDriverWait.timeoutException(WebDriverWait.java:82)\n\tat org.openqa.selenium.support.ui.FluentWait.until(FluentWait.java:231)\n\tat pages.MainPage.selectMainMenu(MainPage.java:32)\n\tat steps.MainPageSteps.selectMainMenu(MainPageSteps.java:12)\n\tat steps.ScenerioSteps.selectMainMenuItem(ScenerioSteps.java:25)\n\tat ✽.Когда выбран пункт меню \"Электроника\"(Телевизоры.feature:7)\n"
      },
      "testCases" : [ {
        "uid" : "6d57d1efec54f119",
        "name" : "Телевизоры",
        "title" : "Телевизоры",
        "time" : {
          "start" : 1517864985964,
          "stop" : 1517865010876,
          "duration" : 24912
        },
        "severity" : "NORMAL",
        "status" : "BROKEN"
      } ]
    }, {
      "uid" : "5aa53f8a206b42d0",
      "failure" : {
        "message" : "ElementNotVisibleException: element not visible\n  (Session info: chrome=64.0.3282.140)\n  (Driver info: chromedriver=2.35.528157 (4429ca2590d6988c0745c24c8858745aaaec01ef),platform=Mac OS X 10.11.6 x86_64) (WARNING: The server did not provide any stacktrace information)\nCommand duration or timeout: 0 milliseconds\nBuild info: version: '3.8.1', revision: '6e95a6684b', time: '2017-12-01T18:33:54.468Z'\nSystem info: host: 'MacBook-Pro-service.local', ip: '192.168.1.68', os.name: 'Mac OS X', os.arch: 'x86_64', os.version: '10.11.6', java.version: '1.8.0_151'\nDriver info: org.openqa.selenium.chrome.ChromeDriver\nCapabilities {acceptInsecureCerts: false, acceptSslCerts: false, applicationCacheEnabled: false, browserConnectionEnabled: false, browserName: chrome, chrome: {chromedriverVersion: 2.35.528157 (4429ca2590d698..., userDataDir: /var/folders/hc/3f86917112g...}, cssSelectorsEnabled: true, databaseEnabled: false, handlesAlerts: true, hasTouchScreen: false, javascriptEnabled: true, locationContextEnabled: true, mobileEmulationEnabled: false, nativeEvents: true, networkConnectionEnabled: false, pageLoadStrategy: normal, platform: MAC, platformName: MAC, rotatable: false, setWindowRect: true, takesHeapSnapshot: true, takesScreenshot: true, unexpectedAlertBehaviour: , unhandledPromptBehavior: , version: 64.0.3282.140, webStorageEnabled: true}\nSession ID: 394801f0c7878d62236bbb3a01489a47",
        "stackTrace" : "org.openqa.selenium.ElementNotVisibleException: element not visible\n  (Session info: chrome=64.0.3282.140)\n  (Driver info: chromedriver=2.35.528157 (4429ca2590d6988c0745c24c8858745aaaec01ef),platform=Mac OS X 10.11.6 x86_64) (WARNING: The server did not provide any stacktrace information)\nCommand duration or timeout: 0 milliseconds\nBuild info: version: '3.8.1', revision: '6e95a6684b', time: '2017-12-01T18:33:54.468Z'\nSystem info: host: 'MacBook-Pro-service.local', ip: '192.168.1.68', os.name: 'Mac OS X', os.arch: 'x86_64', os.version: '10.11.6', java.version: '1.8.0_151'\nDriver info: org.openqa.selenium.chrome.ChromeDriver\nCapabilities {acceptInsecureCerts: false, acceptSslCerts: false, applicationCacheEnabled: false, browserConnectionEnabled: false, browserName: chrome, chrome: {chromedriverVersion: 2.35.528157 (4429ca2590d698..., userDataDir: /var/folders/hc/3f86917112g...}, cssSelectorsEnabled: true, databaseEnabled: false, handlesAlerts: true, hasTouchScreen: false, javascriptEnabled: true, locationContextEnabled: true, mobileEmulationEnabled: false, nativeEvents: true, networkConnectionEnabled: false, pageLoadStrategy: normal, platform: MAC, platformName: MAC, rotatable: false, setWindowRect: true, takesHeapSnapshot: true, takesScreenshot: true, unexpectedAlertBehaviour: , unhandledPromptBehavior: , version: 64.0.3282.140, webStorageEnabled: true}\nSession ID: 394801f0c7878d62236bbb3a01489a47\n\tat sun.reflect.NativeConstructorAccessorImpl.newInstance0(Native Method)\n\tat sun.reflect.NativeConstructorAccessorImpl.newInstance(NativeConstructorAccessorImpl.java:62)\n\tat sun.reflect.DelegatingConstructorAccessorImpl.newInstance(DelegatingConstructorAccessorImpl.java:45)\n\tat java.lang.reflect.Constructor.newInstance(Constructor.java:423)\n\tat org.openqa.selenium.remote.ErrorHandler.createThrowable(ErrorHandler.java:214)\n\tat org.openqa.selenium.remote.ErrorHandler.throwIfResponseFailed(ErrorHandler.java:166)\n\tat org.openqa.selenium.remote.http.JsonHttpResponseCodec.reconstructValue(JsonHttpResponseCodec.java:40)\n\tat org.openqa.selenium.remote.http.AbstractHttpResponseCodec.decode(AbstractHttpResponseCodec.java:80)\n\tat org.openqa.selenium.remote.http.AbstractHttpResponseCodec.decode(AbstractHttpResponseCodec.java:44)\n\tat org.openqa.selenium.remote.HttpCommandExecutor.execute(HttpCommandExecutor.java:164)\n\tat org.openqa.selenium.remote.service.DriverCommandExecutor.execute(DriverCommandExecutor.java:83)\n\tat org.openqa.selenium.remote.RemoteWebDriver.execute(RemoteWebDriver.java:601)\n\tat org.openqa.selenium.remote.RemoteWebElement.execute(RemoteWebElement.java:279)\n\tat org.openqa.selenium.remote.RemoteWebElement.click(RemoteWebElement.java:83)\n\tat pages.MainPage.selectMainMenu(MainPage.java:29)\n\tat steps.MainPageSteps.selectMainMenu(MainPageSteps.java:12)\n\tat steps.ScenerioSteps.selectMainMenuItem(ScenerioSteps.java:25)\n\tat ✽.Когда выбран пункт меню \"Электроника\"(Телевизоры.feature:7)\n"
      },
      "testCases" : [ {
        "uid" : "99b7c8156971556a",
        "name" : "Телевизоры",
        "title" : "Телевизоры",
        "time" : {
          "start" : 1517863305348,
          "stop" : 1517863327157,
          "duration" : 21809
        },
        "severity" : "NORMAL",
        "status" : "BROKEN"
      } ]
    }, {
      "uid" : "d2769d34aaa4699d",
      "failure" : {
        "message" : "InvalidSelectorException: invalid selector: Unable to locate an element with the xpath expression (//*[contains(@class,'n-snippet-card2 i-bem b-zone b-spy-visible b-spy-visible_js_inited b-zone_js_inited n-snippet-card2_js_inited')]/div[4]/div/div because of the following error:\nSyntaxError: Failed to execute 'evaluate' on 'Document': The string '(//*[contains(@class,'n-snippet-card2 i-bem b-zone b-spy-visible b-spy-visible_js_inited b-zone_js_inited n-snippet-card2_js_inited')]/div[4]/div/div' is not a valid XPath expression.\n  (Session info: chrome=64.0.3282.140)\n  (Driver info: chromedriver=2.35.528157 (4429ca2590d6988c0745c24c8858745aaaec01ef),platform=Mac OS X 10.11.6 x86_64) (WARNING: The server did not provide any stacktrace information)\nCommand duration or timeout: 0 milliseconds\nFor documentation on this error, please visit: http://seleniumhq.org/exceptions/invalid_selector_exception.html\nBuild info: version: '3.8.1', revision: '6e95a6684b', time: '2017-12-01T18:33:54.468Z'\nSystem info: host: 'MacBook-Pro-service.local', ip: '192.168.1.68', os.name: 'Mac OS X', os.arch: 'x86_64', os.version: '10.11.6', java.version: '1.8.0_151'\nDriver info: org.openqa.selenium.chrome.ChromeDriver\nCapabilities {acceptInsecureCerts: false, acceptSslCerts: false, applicationCacheEnabled: false, browserConnectionEnabled: false, browserName: chrome, chrome: {chromedriverVersion: 2.35.528157 (4429ca2590d698..., userDataDir: /var/folders/hc/3f86917112g...}, cssSelectorsEnabled: true, databaseEnabled: false, handlesAlerts: true, hasTouchScreen: false, javascriptEnabled: true, locationContextEnabled: true, mobileEmulationEnabled: false, nativeEvents: true, networkConnectionEnabled: false, pageLoadStrategy: normal, platform: MAC, platformName: MAC, rotatable: false, setWindowRect: true, takesHeapSnapshot: true, takesScreenshot: true, unexpectedAlertBehaviour: , unhandledPromptBehavior: , version: 64.0.3282.140, webStorageEnabled: true}\nSession ID: b427f930ee1611016c4e31ffe40f4961\n*** Element info: {Using=xpath, value=(//*[contains(@class,'n-snippet-card2 i-bem b-zone b-spy-visible b-spy-visible_js_inited b-zone_js_inited n-snippet-card2_js_inited')]/div[4]/div/div}",
        "stackTrace" : "org.openqa.selenium.InvalidSelectorException: invalid selector: Unable to locate an element with the xpath expression (//*[contains(@class,'n-snippet-card2 i-bem b-zone b-spy-visible b-spy-visible_js_inited b-zone_js_inited n-snippet-card2_js_inited')]/div[4]/div/div because of the following error:\nSyntaxError: Failed to execute 'evaluate' on 'Document': The string '(//*[contains(@class,'n-snippet-card2 i-bem b-zone b-spy-visible b-spy-visible_js_inited b-zone_js_inited n-snippet-card2_js_inited')]/div[4]/div/div' is not a valid XPath expression.\n  (Session info: chrome=64.0.3282.140)\n  (Driver info: chromedriver=2.35.528157 (4429ca2590d6988c0745c24c8858745aaaec01ef),platform=Mac OS X 10.11.6 x86_64) (WARNING: The server did not provide any stacktrace information)\nCommand duration or timeout: 0 milliseconds\nFor documentation on this error, please visit: http://seleniumhq.org/exceptions/invalid_selector_exception.html\nBuild info: version: '3.8.1', revision: '6e95a6684b', time: '2017-12-01T18:33:54.468Z'\nSystem info: host: 'MacBook-Pro-service.local', ip: '192.168.1.68', os.name: 'Mac OS X', os.arch: 'x86_64', os.version: '10.11.6', java.version: '1.8.0_151'\nDriver info: org.openqa.selenium.chrome.ChromeDriver\nCapabilities {acceptInsecureCerts: false, acceptSslCerts: false, applicationCacheEnabled: false, browserConnectionEnabled: false, browserName: chrome, chrome: {chromedriverVersion: 2.35.528157 (4429ca2590d698..., userDataDir: /var/folders/hc/3f86917112g...}, cssSelectorsEnabled: true, databaseEnabled: false, handlesAlerts: true, hasTouchScreen: false, javascriptEnabled: true, locationContextEnabled: true, mobileEmulationEnabled: false, nativeEvents: true, networkConnectionEnabled: false, pageLoadStrategy: normal, platform: MAC, platformName: MAC, rotatable: false, setWindowRect: true, takesHeapSnapshot: true, takesScreenshot: true, unexpectedAlertBehaviour: , unhandledPromptBehavior: , version: 64.0.3282.140, webStorageEnabled: true}\nSession ID: b427f930ee1611016c4e31ffe40f4961\n*** Element info: {Using=xpath, value=(//*[contains(@class,'n-snippet-card2 i-bem b-zone b-spy-visible b-spy-visible_js_inited b-zone_js_inited n-snippet-card2_js_inited')]/div[4]/div/div}\n\tat sun.reflect.NativeConstructorAccessorImpl.newInstance0(Native Method)\n\tat sun.reflect.NativeConstructorAccessorImpl.newInstance(NativeConstructorAccessorImpl.java:62)\n\tat sun.reflect.DelegatingConstructorAccessorImpl.newInstance(DelegatingConstructorAccessorImpl.java:45)\n\tat java.lang.reflect.Constructor.newInstance(Constructor.java:423)\n\tat org.openqa.selenium.remote.ErrorHandler.createThrowable(ErrorHandler.java:214)\n\tat org.openqa.selenium.remote.ErrorHandler.throwIfResponseFailed(ErrorHandler.java:166)\n\tat org.openqa.selenium.remote.http.JsonHttpResponseCodec.reconstructValue(JsonHttpResponseCodec.java:40)\n\tat org.openqa.selenium.remote.http.AbstractHttpResponseCodec.decode(AbstractHttpResponseCodec.java:80)\n\tat org.openqa.selenium.remote.http.AbstractHttpResponseCodec.decode(AbstractHttpResponseCodec.java:44)\n\tat org.openqa.selenium.remote.HttpCommandExecutor.execute(HttpCommandExecutor.java:164)\n\tat org.openqa.selenium.remote.service.DriverCommandExecutor.execute(DriverCommandExecutor.java:83)\n\tat org.openqa.selenium.remote.RemoteWebDriver.execute(RemoteWebDriver.java:601)\n\tat org.openqa.selenium.remote.RemoteWebDriver.findElement(RemoteWebDriver.java:371)\n\tat org.openqa.selenium.remote.RemoteWebDriver.findElementByXPath(RemoteWebDriver.java:473)\n\tat org.openqa.selenium.By$ByXPath.findElement(By.java:361)\n\tat org.openqa.selenium.remote.RemoteWebDriver.findElement(RemoteWebDriver.java:363)\n\tat pages.ResPage.assertFirstElement(ResPage.java:47)\n\tat steps.ResPageSteps.assertFirstElem(ResPageSteps.java:15)\n\tat steps.ScenerioSteps.assertFirstElem(ScenerioSteps.java:77)\n\tat ✽.Когда проверить поиск по первому значению(Телевизоры.feature:18)\n"
      },
      "testCases" : [ {
        "uid" : "d8b4f7bf36312061",
        "name" : "Телевизоры",
        "title" : "Телевизоры",
        "time" : {
          "start" : 1518030068291,
          "stop" : 1518030112194,
          "duration" : 43903
        },
        "severity" : "NORMAL",
        "status" : "BROKEN"
      } ]
    }, {
      "uid" : "37e8d96915bde9c5",
      "failure" : {
        "message" : "ElementNotVisibleException: element not visible\n  (Session info: chrome=64.0.3282.140)\n  (Driver info: chromedriver=2.35.528157 (4429ca2590d6988c0745c24c8858745aaaec01ef),platform=Mac OS X 10.11.6 x86_64) (WARNING: The server did not provide any stacktrace information)\nCommand duration or timeout: 0 milliseconds\nBuild info: version: '3.8.1', revision: '6e95a6684b', time: '2017-12-01T18:33:54.468Z'\nSystem info: host: 'MacBook-Pro-service.local', ip: '192.168.1.68', os.name: 'Mac OS X', os.arch: 'x86_64', os.version: '10.11.6', java.version: '1.8.0_151'\nDriver info: org.openqa.selenium.chrome.ChromeDriver\nCapabilities {acceptInsecureCerts: false, acceptSslCerts: false, applicationCacheEnabled: false, browserConnectionEnabled: false, browserName: chrome, chrome: {chromedriverVersion: 2.35.528157 (4429ca2590d698..., userDataDir: /var/folders/hc/3f86917112g...}, cssSelectorsEnabled: true, databaseEnabled: false, handlesAlerts: true, hasTouchScreen: false, javascriptEnabled: true, locationContextEnabled: true, mobileEmulationEnabled: false, nativeEvents: true, networkConnectionEnabled: false, pageLoadStrategy: normal, platform: MAC, platformName: MAC, rotatable: false, setWindowRect: true, takesHeapSnapshot: true, takesScreenshot: true, unexpectedAlertBehaviour: , unhandledPromptBehavior: , version: 64.0.3282.140, webStorageEnabled: true}\nSession ID: f415fd0f0c24067c4e9d2d9dd894e7aa",
        "stackTrace" : "org.openqa.selenium.ElementNotVisibleException: element not visible\n  (Session info: chrome=64.0.3282.140)\n  (Driver info: chromedriver=2.35.528157 (4429ca2590d6988c0745c24c8858745aaaec01ef),platform=Mac OS X 10.11.6 x86_64) (WARNING: The server did not provide any stacktrace information)\nCommand duration or timeout: 0 milliseconds\nBuild info: version: '3.8.1', revision: '6e95a6684b', time: '2017-12-01T18:33:54.468Z'\nSystem info: host: 'MacBook-Pro-service.local', ip: '192.168.1.68', os.name: 'Mac OS X', os.arch: 'x86_64', os.version: '10.11.6', java.version: '1.8.0_151'\nDriver info: org.openqa.selenium.chrome.ChromeDriver\nCapabilities {acceptInsecureCerts: false, acceptSslCerts: false, applicationCacheEnabled: false, browserConnectionEnabled: false, browserName: chrome, chrome: {chromedriverVersion: 2.35.528157 (4429ca2590d698..., userDataDir: /var/folders/hc/3f86917112g...}, cssSelectorsEnabled: true, databaseEnabled: false, handlesAlerts: true, hasTouchScreen: false, javascriptEnabled: true, locationContextEnabled: true, mobileEmulationEnabled: false, nativeEvents: true, networkConnectionEnabled: false, pageLoadStrategy: normal, platform: MAC, platformName: MAC, rotatable: false, setWindowRect: true, takesHeapSnapshot: true, takesScreenshot: true, unexpectedAlertBehaviour: , unhandledPromptBehavior: , version: 64.0.3282.140, webStorageEnabled: true}\nSession ID: f415fd0f0c24067c4e9d2d9dd894e7aa\n\tat sun.reflect.NativeConstructorAccessorImpl.newInstance0(Native Method)\n\tat sun.reflect.NativeConstructorAccessorImpl.newInstance(NativeConstructorAccessorImpl.java:62)\n\tat sun.reflect.DelegatingConstructorAccessorImpl.newInstance(DelegatingConstructorAccessorImpl.java:45)\n\tat java.lang.reflect.Constructor.newInstance(Constructor.java:423)\n\tat org.openqa.selenium.remote.ErrorHandler.createThrowable(ErrorHandler.java:214)\n\tat org.openqa.selenium.remote.ErrorHandler.throwIfResponseFailed(ErrorHandler.java:166)\n\tat org.openqa.selenium.remote.http.JsonHttpResponseCodec.reconstructValue(JsonHttpResponseCodec.java:40)\n\tat org.openqa.selenium.remote.http.AbstractHttpResponseCodec.decode(AbstractHttpResponseCodec.java:80)\n\tat org.openqa.selenium.remote.http.AbstractHttpResponseCodec.decode(AbstractHttpResponseCodec.java:44)\n\tat org.openqa.selenium.remote.HttpCommandExecutor.execute(HttpCommandExecutor.java:164)\n\tat org.openqa.selenium.remote.service.DriverCommandExecutor.execute(DriverCommandExecutor.java:83)\n\tat org.openqa.selenium.remote.RemoteWebDriver.execute(RemoteWebDriver.java:601)\n\tat org.openqa.selenium.remote.RemoteWebElement.execute(RemoteWebElement.java:279)\n\tat org.openqa.selenium.remote.RemoteWebElement.click(RemoteWebElement.java:83)\n\tat pages.MainPage.selectMainMenu(MainPage.java:32)\n\tat steps.MainPageSteps.selectMainMenu(MainPageSteps.java:12)\n\tat steps.ScenerioSteps.selectMainMenuItem(ScenerioSteps.java:25)\n\tat ✽.Когда выбран пункт меню \"Электроника\"(Телевизоры.feature:7)\n"
      },
      "testCases" : [ {
        "uid" : "be5d71d5212139b1",
        "name" : "Телевизоры",
        "title" : "Телевизоры",
        "time" : {
          "start" : 1517864617605,
          "stop" : 1517864638935,
          "duration" : 21330
        },
        "severity" : "NORMAL",
        "status" : "BROKEN"
      } ]
    }, {
      "uid" : "547dfeddf2056825",
      "failure" : {
        "message" : "NoSuchElementException: no such element: Unable to locate element: {\"method\":\"xpath\",\"selector\":\"//*[contains(@class,'n-snippet-card2 i-bem b-zone b-spy-visible b-spy-visible_js_inited b-zone_js_inited n-snippet-card2_js_inited')]/div[4]/div/div/a\"}\n  (Session info: chrome=64.0.3282.140)\n  (Driver info: chromedriver=2.35.528157 (4429ca2590d6988c0745c24c8858745aaaec01ef),platform=Mac OS X 10.11.6 x86_64) (WARNING: The server did not provide any stacktrace information)\nCommand duration or timeout: 0 milliseconds\nFor documentation on this error, please visit: http://seleniumhq.org/exceptions/no_such_element.html\nBuild info: version: '3.8.1', revision: '6e95a6684b', time: '2017-12-01T18:33:54.468Z'\nSystem info: host: 'MacBook-Pro-service.local', ip: '192.168.1.68', os.name: 'Mac OS X', os.arch: 'x86_64', os.version: '10.11.6', java.version: '1.8.0_151'\nDriver info: org.openqa.selenium.chrome.ChromeDriver\nCapabilities {acceptInsecureCerts: false, acceptSslCerts: false, applicationCacheEnabled: false, browserConnectionEnabled: false, browserName: chrome, chrome: {chromedriverVersion: 2.35.528157 (4429ca2590d698..., userDataDir: /var/folders/hc/3f86917112g...}, cssSelectorsEnabled: true, databaseEnabled: false, handlesAlerts: true, hasTouchScreen: false, javascriptEnabled: true, locationContextEnabled: true, mobileEmulationEnabled: false, nativeEvents: true, networkConnectionEnabled: false, pageLoadStrategy: normal, platform: MAC, platformName: MAC, rotatable: false, setWindowRect: true, takesHeapSnapshot: true, takesScreenshot: true, unexpectedAlertBehaviour: , unhandledPromptBehavior: , version: 64.0.3282.140, webStorageEnabled: true}\nSession ID: 459f6c5161f9c791da6e44176683877e\n*** Element info: {Using=xpath, value=//*[contains(@class,'n-snippet-card2 i-bem b-zone b-spy-visible b-spy-visible_js_inited b-zone_js_inited n-snippet-card2_js_inited')]/div[4]/div/div/a}",
        "stackTrace" : "org.openqa.selenium.NoSuchElementException: no such element: Unable to locate element: {\"method\":\"xpath\",\"selector\":\"//*[contains(@class,'n-snippet-card2 i-bem b-zone b-spy-visible b-spy-visible_js_inited b-zone_js_inited n-snippet-card2_js_inited')]/div[4]/div/div/a\"}\n  (Session info: chrome=64.0.3282.140)\n  (Driver info: chromedriver=2.35.528157 (4429ca2590d6988c0745c24c8858745aaaec01ef),platform=Mac OS X 10.11.6 x86_64) (WARNING: The server did not provide any stacktrace information)\nCommand duration or timeout: 0 milliseconds\nFor documentation on this error, please visit: http://seleniumhq.org/exceptions/no_such_element.html\nBuild info: version: '3.8.1', revision: '6e95a6684b', time: '2017-12-01T18:33:54.468Z'\nSystem info: host: 'MacBook-Pro-service.local', ip: '192.168.1.68', os.name: 'Mac OS X', os.arch: 'x86_64', os.version: '10.11.6', java.version: '1.8.0_151'\nDriver info: org.openqa.selenium.chrome.ChromeDriver\nCapabilities {acceptInsecureCerts: false, acceptSslCerts: false, applicationCacheEnabled: false, browserConnectionEnabled: false, browserName: chrome, chrome: {chromedriverVersion: 2.35.528157 (4429ca2590d698..., userDataDir: /var/folders/hc/3f86917112g...}, cssSelectorsEnabled: true, databaseEnabled: false, handlesAlerts: true, hasTouchScreen: false, javascriptEnabled: true, locationContextEnabled: true, mobileEmulationEnabled: false, nativeEvents: true, networkConnectionEnabled: false, pageLoadStrategy: normal, platform: MAC, platformName: MAC, rotatable: false, setWindowRect: true, takesHeapSnapshot: true, takesScreenshot: true, unexpectedAlertBehaviour: , unhandledPromptBehavior: , version: 64.0.3282.140, webStorageEnabled: true}\nSession ID: 459f6c5161f9c791da6e44176683877e\n*** Element info: {Using=xpath, value=//*[contains(@class,'n-snippet-card2 i-bem b-zone b-spy-visible b-spy-visible_js_inited b-zone_js_inited n-snippet-card2_js_inited')]/div[4]/div/div/a}\n\tat sun.reflect.NativeConstructorAccessorImpl.newInstance0(Native Method)\n\tat sun.reflect.NativeConstructorAccessorImpl.newInstance(NativeConstructorAccessorImpl.java:62)\n\tat sun.reflect.DelegatingConstructorAccessorImpl.newInstance(DelegatingConstructorAccessorImpl.java:45)\n\tat java.lang.reflect.Constructor.newInstance(Constructor.java:423)\n\tat org.openqa.selenium.remote.ErrorHandler.createThrowable(ErrorHandler.java:214)\n\tat org.openqa.selenium.remote.ErrorHandler.throwIfResponseFailed(ErrorHandler.java:166)\n\tat org.openqa.selenium.remote.http.JsonHttpResponseCodec.reconstructValue(JsonHttpResponseCodec.java:40)\n\tat org.openqa.selenium.remote.http.AbstractHttpResponseCodec.decode(AbstractHttpResponseCodec.java:80)\n\tat org.openqa.selenium.remote.http.AbstractHttpResponseCodec.decode(AbstractHttpResponseCodec.java:44)\n\tat org.openqa.selenium.remote.HttpCommandExecutor.execute(HttpCommandExecutor.java:164)\n\tat org.openqa.selenium.remote.service.DriverCommandExecutor.execute(DriverCommandExecutor.java:83)\n\tat org.openqa.selenium.remote.RemoteWebDriver.execute(RemoteWebDriver.java:601)\n\tat org.openqa.selenium.remote.RemoteWebDriver.findElement(RemoteWebDriver.java:371)\n\tat org.openqa.selenium.remote.RemoteWebDriver.findElementByXPath(RemoteWebDriver.java:473)\n\tat org.openqa.selenium.By$ByXPath.findElement(By.java:361)\n\tat org.openqa.selenium.remote.RemoteWebDriver.findElement(RemoteWebDriver.java:363)\n\tat pages.ResPage.assertFirstElement(ResPage.java:47)\n\tat steps.ResPageSteps.assertFirstElem(ResPageSteps.java:15)\n\tat steps.ScenerioSteps.assertFirstElem(ScenerioSteps.java:77)\n\tat ✽.Когда проверить поиск по первому значению(Телевизоры.feature:18)\n"
      },
      "testCases" : [ {
        "uid" : "5218e95ceedee138",
        "name" : "Телевизоры",
        "title" : "Телевизоры",
        "time" : {
          "start" : 1518030828599,
          "stop" : 1518030887185,
          "duration" : 58586
        },
        "severity" : "NORMAL",
        "status" : "BROKEN"
      } ]
    }, {
      "uid" : "f7b67649f6a03de",
      "failure" : {
        "message" : "TimeoutException: Expected condition failed: waiting for visibility of [[ChromeDriver: chrome on MAC (6045f219fd59eec75ea750a931cb9eb2)] -> xpath: //*/li[1]/div/div/a[3]] (tried for 10 second(s) with 1000 MILLISECONDS interval)\nBuild info: version: '3.8.1', revision: '6e95a6684b', time: '2017-12-01T18:33:54.468Z'\nSystem info: host: 'MacBook-Pro-service.local', ip: '192.168.1.68', os.name: 'Mac OS X', os.arch: 'x86_64', os.version: '10.11.6', java.version: '1.8.0_151'\nDriver info: org.openqa.selenium.chrome.ChromeDriver\nCapabilities {acceptInsecureCerts: false, acceptSslCerts: false, applicationCacheEnabled: false, browserConnectionEnabled: false, browserName: chrome, chrome: {chromedriverVersion: 2.35.528157 (4429ca2590d698..., userDataDir: /var/folders/hc/3f86917112g...}, cssSelectorsEnabled: true, databaseEnabled: false, handlesAlerts: true, hasTouchScreen: false, javascriptEnabled: true, locationContextEnabled: true, mobileEmulationEnabled: false, nativeEvents: true, networkConnectionEnabled: false, pageLoadStrategy: normal, platform: MAC, platformName: MAC, rotatable: false, setWindowRect: true, takesHeapSnapshot: true, takesScreenshot: true, unexpectedAlertBehaviour: , unhandledPromptBehavior: , version: 64.0.3282.140, webStorageEnabled: true}\nSession ID: 6045f219fd59eec75ea750a931cb9eb2",
        "stackTrace" : "org.openqa.selenium.TimeoutException: Expected condition failed: waiting for visibility of [[ChromeDriver: chrome on MAC (6045f219fd59eec75ea750a931cb9eb2)] -> xpath: //*/li[1]/div/div/a[3]] (tried for 10 second(s) with 1000 MILLISECONDS interval)\nBuild info: version: '3.8.1', revision: '6e95a6684b', time: '2017-12-01T18:33:54.468Z'\nSystem info: host: 'MacBook-Pro-service.local', ip: '192.168.1.68', os.name: 'Mac OS X', os.arch: 'x86_64', os.version: '10.11.6', java.version: '1.8.0_151'\nDriver info: org.openqa.selenium.chrome.ChromeDriver\nCapabilities {acceptInsecureCerts: false, acceptSslCerts: false, applicationCacheEnabled: false, browserConnectionEnabled: false, browserName: chrome, chrome: {chromedriverVersion: 2.35.528157 (4429ca2590d698..., userDataDir: /var/folders/hc/3f86917112g...}, cssSelectorsEnabled: true, databaseEnabled: false, handlesAlerts: true, hasTouchScreen: false, javascriptEnabled: true, locationContextEnabled: true, mobileEmulationEnabled: false, nativeEvents: true, networkConnectionEnabled: false, pageLoadStrategy: normal, platform: MAC, platformName: MAC, rotatable: false, setWindowRect: true, takesHeapSnapshot: true, takesScreenshot: true, unexpectedAlertBehaviour: , unhandledPromptBehavior: , version: 64.0.3282.140, webStorageEnabled: true}\nSession ID: 6045f219fd59eec75ea750a931cb9eb2\n\tat org.openqa.selenium.support.ui.WebDriverWait.timeoutException(WebDriverWait.java:82)\n\tat org.openqa.selenium.support.ui.FluentWait.until(FluentWait.java:231)\n\tat pages.MainPage.selectSubMenu(MainPage.java:39)\n\tat steps.MainPageSteps.selectSubMenu(MainPageSteps.java:17)\n\tat steps.ScenerioSteps.selectSubMenuItem(ScenerioSteps.java:30)\n\tat ✽.Тогда выбран пункт меню Телевизоры(Телевизоры.feature:8)\n"
      },
      "testCases" : [ {
        "uid" : "87f366c832746120",
        "name" : "Телевизоры",
        "title" : "Телевизоры",
        "time" : {
          "start" : 1517864240074,
          "stop" : 1517864264771,
          "duration" : 24697
        },
        "severity" : "NORMAL",
        "status" : "BROKEN"
      } ]
    }, {
      "uid" : "70a5cdb8a7a7ab59",
      "failure" : {
        "message" : "TimeoutException: Expected condition failed: waiting for visibility of [[ChromeDriver: chrome on MAC (e0861899245411ab41a2c2d1f7b3fc41)] -> xpath: //*/li[1]/div/div/a[3]] (tried for 10 second(s) with 1000 MILLISECONDS interval)\nBuild info: version: '3.8.1', revision: '6e95a6684b', time: '2017-12-01T18:33:54.468Z'\nSystem info: host: 'MacBook-Pro-service.local', ip: '192.168.1.68', os.name: 'Mac OS X', os.arch: 'x86_64', os.version: '10.11.6', java.version: '1.8.0_151'\nDriver info: org.openqa.selenium.chrome.ChromeDriver\nCapabilities {acceptInsecureCerts: false, acceptSslCerts: false, applicationCacheEnabled: false, browserConnectionEnabled: false, browserName: chrome, chrome: {chromedriverVersion: 2.35.528157 (4429ca2590d698..., userDataDir: /var/folders/hc/3f86917112g...}, cssSelectorsEnabled: true, databaseEnabled: false, handlesAlerts: true, hasTouchScreen: false, javascriptEnabled: true, locationContextEnabled: true, mobileEmulationEnabled: false, nativeEvents: true, networkConnectionEnabled: false, pageLoadStrategy: normal, platform: MAC, platformName: MAC, rotatable: false, setWindowRect: true, takesHeapSnapshot: true, takesScreenshot: true, unexpectedAlertBehaviour: , unhandledPromptBehavior: , version: 64.0.3282.140, webStorageEnabled: true}\nSession ID: e0861899245411ab41a2c2d1f7b3fc41",
        "stackTrace" : "org.openqa.selenium.TimeoutException: Expected condition failed: waiting for visibility of [[ChromeDriver: chrome on MAC (e0861899245411ab41a2c2d1f7b3fc41)] -> xpath: //*/li[1]/div/div/a[3]] (tried for 10 second(s) with 1000 MILLISECONDS interval)\nBuild info: version: '3.8.1', revision: '6e95a6684b', time: '2017-12-01T18:33:54.468Z'\nSystem info: host: 'MacBook-Pro-service.local', ip: '192.168.1.68', os.name: 'Mac OS X', os.arch: 'x86_64', os.version: '10.11.6', java.version: '1.8.0_151'\nDriver info: org.openqa.selenium.chrome.ChromeDriver\nCapabilities {acceptInsecureCerts: false, acceptSslCerts: false, applicationCacheEnabled: false, browserConnectionEnabled: false, browserName: chrome, chrome: {chromedriverVersion: 2.35.528157 (4429ca2590d698..., userDataDir: /var/folders/hc/3f86917112g...}, cssSelectorsEnabled: true, databaseEnabled: false, handlesAlerts: true, hasTouchScreen: false, javascriptEnabled: true, locationContextEnabled: true, mobileEmulationEnabled: false, nativeEvents: true, networkConnectionEnabled: false, pageLoadStrategy: normal, platform: MAC, platformName: MAC, rotatable: false, setWindowRect: true, takesHeapSnapshot: true, takesScreenshot: true, unexpectedAlertBehaviour: , unhandledPromptBehavior: , version: 64.0.3282.140, webStorageEnabled: true}\nSession ID: e0861899245411ab41a2c2d1f7b3fc41\n\tat org.openqa.selenium.support.ui.WebDriverWait.timeoutException(WebDriverWait.java:82)\n\tat org.openqa.selenium.support.ui.FluentWait.until(FluentWait.java:231)\n\tat pages.MainPage.selectSubMenu(MainPage.java:39)\n\tat steps.MainPageSteps.selectSubMenu(MainPageSteps.java:17)\n\tat steps.ScenerioSteps.selectSubMenuItem(ScenerioSteps.java:30)\n\tat ✽.Тогда выбран пункт меню Телевизоры(Телевизоры.feature:8)\n"
      },
      "testCases" : [ {
        "uid" : "4cb974f5d9879469",
        "name" : "Телевизоры",
        "title" : "Телевизоры",
        "time" : {
          "start" : 1517864180353,
          "stop" : 1517864214367,
          "duration" : 34014
        },
        "severity" : "NORMAL",
        "status" : "BROKEN"
      } ]
    }, {
      "uid" : "1668ca53f7ef5c65",
      "failure" : {
        "message" : "WebDriverException: unknown error: Element <span class=\"button__text\">...</span> is not clickable at point (604, 740). Other element would receive the click: <a role=\"button\" type=\"button\" class=\"button button_size_l button_theme_pseudo i-bem button_action_show-filtered n-filter-panel-extend__controll-button_size_big button_js_inited\" data-bem=\"{&quot;button&quot;:{&quot;baseUrl&quot;:&quot;/catalog/59601/list?deliveryincluded=0&amp;amp;local-offers-first=0&amp;amp;onstock=1&amp;amp;hid=90639&quot;}}\" href=\"/catalog/59601/list?hid=90639&amp;glfilter=7893318%3A153061%2C153074&amp;local-offers-first=0&amp;deliveryincluded=0&amp;onstock=1&amp;pricefrom=20000\">...</a>\n  (Session info: chrome=64.0.3282.140)\n  (Driver info: chromedriver=2.35.528157 (4429ca2590d6988c0745c24c8858745aaaec01ef),platform=Mac OS X 10.11.6 x86_64) (WARNING: The server did not provide any stacktrace information)\nCommand duration or timeout: 0 milliseconds\nBuild info: version: '3.8.1', revision: '6e95a6684b', time: '2017-12-01T18:33:54.468Z'\nSystem info: host: 'MacBook-Pro-service.local', ip: '192.168.1.68', os.name: 'Mac OS X', os.arch: 'x86_64', os.version: '10.11.6', java.version: '1.8.0_151'\nDriver info: org.openqa.selenium.chrome.ChromeDriver\nCapabilities {acceptInsecureCerts: false, acceptSslCerts: false, applicationCacheEnabled: false, browserConnectionEnabled: false, browserName: chrome, chrome: {chromedriverVersion: 2.35.528157 (4429ca2590d698..., userDataDir: /var/folders/hc/3f86917112g...}, cssSelectorsEnabled: true, databaseEnabled: false, handlesAlerts: true, hasTouchScreen: false, javascriptEnabled: true, locationContextEnabled: true, mobileEmulationEnabled: false, nativeEvents: true, networkConnectionEnabled: false, pageLoadStrategy: normal, platform: MAC, platformName: MAC, rotatable: false, setWindowRect: true, takesHeapSnapshot: true, takesScreenshot: true, unexpectedAlertBehaviour: , unhandledPromptBehavior: , version: 64.0.3282.140, webStorageEnabled: true}\nSession ID: f6a0f0573124f0f16e3805deab96df00",
        "stackTrace" : "org.openqa.selenium.WebDriverException: unknown error: Element <span class=\"button__text\">...</span> is not clickable at point (604, 740). Other element would receive the click: <a role=\"button\" type=\"button\" class=\"button button_size_l button_theme_pseudo i-bem button_action_show-filtered n-filter-panel-extend__controll-button_size_big button_js_inited\" data-bem=\"{&quot;button&quot;:{&quot;baseUrl&quot;:&quot;/catalog/59601/list?deliveryincluded=0&amp;amp;local-offers-first=0&amp;amp;onstock=1&amp;amp;hid=90639&quot;}}\" href=\"/catalog/59601/list?hid=90639&amp;glfilter=7893318%3A153061%2C153074&amp;local-offers-first=0&amp;deliveryincluded=0&amp;onstock=1&amp;pricefrom=20000\">...</a>\n  (Session info: chrome=64.0.3282.140)\n  (Driver info: chromedriver=2.35.528157 (4429ca2590d6988c0745c24c8858745aaaec01ef),platform=Mac OS X 10.11.6 x86_64) (WARNING: The server did not provide any stacktrace information)\nCommand duration or timeout: 0 milliseconds\nBuild info: version: '3.8.1', revision: '6e95a6684b', time: '2017-12-01T18:33:54.468Z'\nSystem info: host: 'MacBook-Pro-service.local', ip: '192.168.1.68', os.name: 'Mac OS X', os.arch: 'x86_64', os.version: '10.11.6', java.version: '1.8.0_151'\nDriver info: org.openqa.selenium.chrome.ChromeDriver\nCapabilities {acceptInsecureCerts: false, acceptSslCerts: false, applicationCacheEnabled: false, browserConnectionEnabled: false, browserName: chrome, chrome: {chromedriverVersion: 2.35.528157 (4429ca2590d698..., userDataDir: /var/folders/hc/3f86917112g...}, cssSelectorsEnabled: true, databaseEnabled: false, handlesAlerts: true, hasTouchScreen: false, javascriptEnabled: true, locationContextEnabled: true, mobileEmulationEnabled: false, nativeEvents: true, networkConnectionEnabled: false, pageLoadStrategy: normal, platform: MAC, platformName: MAC, rotatable: false, setWindowRect: true, takesHeapSnapshot: true, takesScreenshot: true, unexpectedAlertBehaviour: , unhandledPromptBehavior: , version: 64.0.3282.140, webStorageEnabled: true}\nSession ID: f6a0f0573124f0f16e3805deab96df00\n\tat sun.reflect.NativeConstructorAccessorImpl.newInstance0(Native Method)\n\tat sun.reflect.NativeConstructorAccessorImpl.newInstance(NativeConstructorAccessorImpl.java:62)\n\tat sun.reflect.DelegatingConstructorAccessorImpl.newInstance(DelegatingConstructorAccessorImpl.java:45)\n\tat java.lang.reflect.Constructor.newInstance(Constructor.java:423)\n\tat org.openqa.selenium.remote.ErrorHandler.createThrowable(ErrorHandler.java:214)\n\tat org.openqa.selenium.remote.ErrorHandler.throwIfResponseFailed(ErrorHandler.java:166)\n\tat org.openqa.selenium.remote.http.JsonHttpResponseCodec.reconstructValue(JsonHttpResponseCodec.java:40)\n\tat org.openqa.selenium.remote.http.AbstractHttpResponseCodec.decode(AbstractHttpResponseCodec.java:80)\n\tat org.openqa.selenium.remote.http.AbstractHttpResponseCodec.decode(AbstractHttpResponseCodec.java:44)\n\tat org.openqa.selenium.remote.HttpCommandExecutor.execute(HttpCommandExecutor.java:164)\n\tat org.openqa.selenium.remote.service.DriverCommandExecutor.execute(DriverCommandExecutor.java:83)\n\tat org.openqa.selenium.remote.RemoteWebDriver.execute(RemoteWebDriver.java:601)\n\tat org.openqa.selenium.remote.RemoteWebElement.execute(RemoteWebElement.java:279)\n\tat org.openqa.selenium.remote.RemoteWebElement.click(RemoteWebElement.java:83)\n\tat sun.reflect.NativeMethodAccessorImpl.invoke0(Native Method)\n\tat sun.reflect.NativeMethodAccessorImpl.invoke(NativeMethodAccessorImpl.java:62)\n\tat sun.reflect.DelegatingMethodAccessorImpl.invoke(DelegatingMethodAccessorImpl.java:43)\n\tat java.lang.reflect.Method.invoke(Method.java:498)\n\tat org.openqa.selenium.support.pagefactory.internal.LocatingElementHandler.invoke(LocatingElementHandler.java:51)\n\tat com.sun.proxy.$Proxy20.click(Unknown Source)\n\tat steps.FiltersPageSteps.showRes(FiltersPageSteps.java:37)\n\tat steps.ScenerioSteps.showRes(ScenerioSteps.java:65)\n\tat ✽.Когда нажать Показать подходящие(Телевизоры.feature:16)\n"
      },
      "testCases" : [ {
        "uid" : "2fba009dbe348c1f",
        "name" : "Телевизоры",
        "title" : "Телевизоры",
        "time" : {
          "start" : 1517945999970,
          "stop" : 1517946032542,
          "duration" : 32572
        },
        "severity" : "NORMAL",
        "status" : "BROKEN"
      } ]
    }, {
      "uid" : "7ce2ee644429a3d8",
      "failure" : {
        "message" : "ElementNotVisibleException: element not visible\n  (Session info: chrome=64.0.3282.140)\n  (Driver info: chromedriver=2.35.528157 (4429ca2590d6988c0745c24c8858745aaaec01ef),platform=Mac OS X 10.11.6 x86_64) (WARNING: The server did not provide any stacktrace information)\nCommand duration or timeout: 0 milliseconds\nBuild info: version: '3.8.1', revision: '6e95a6684b', time: '2017-12-01T18:33:54.468Z'\nSystem info: host: 'MacBook-Pro-service.local', ip: '192.168.1.68', os.name: 'Mac OS X', os.arch: 'x86_64', os.version: '10.11.6', java.version: '1.8.0_151'\nDriver info: org.openqa.selenium.chrome.ChromeDriver\nCapabilities {acceptInsecureCerts: false, acceptSslCerts: false, applicationCacheEnabled: false, browserConnectionEnabled: false, browserName: chrome, chrome: {chromedriverVersion: 2.35.528157 (4429ca2590d698..., userDataDir: /var/folders/hc/3f86917112g...}, cssSelectorsEnabled: true, databaseEnabled: false, handlesAlerts: true, hasTouchScreen: false, javascriptEnabled: true, locationContextEnabled: true, mobileEmulationEnabled: false, nativeEvents: true, networkConnectionEnabled: false, pageLoadStrategy: normal, platform: MAC, platformName: MAC, rotatable: false, setWindowRect: true, takesHeapSnapshot: true, takesScreenshot: true, unexpectedAlertBehaviour: , unhandledPromptBehavior: , version: 64.0.3282.140, webStorageEnabled: true}\nSession ID: 635c9bb9db61df5a6cf1629ace7bdf74",
        "stackTrace" : "org.openqa.selenium.ElementNotVisibleException: element not visible\n  (Session info: chrome=64.0.3282.140)\n  (Driver info: chromedriver=2.35.528157 (4429ca2590d6988c0745c24c8858745aaaec01ef),platform=Mac OS X 10.11.6 x86_64) (WARNING: The server did not provide any stacktrace information)\nCommand duration or timeout: 0 milliseconds\nBuild info: version: '3.8.1', revision: '6e95a6684b', time: '2017-12-01T18:33:54.468Z'\nSystem info: host: 'MacBook-Pro-service.local', ip: '192.168.1.68', os.name: 'Mac OS X', os.arch: 'x86_64', os.version: '10.11.6', java.version: '1.8.0_151'\nDriver info: org.openqa.selenium.chrome.ChromeDriver\nCapabilities {acceptInsecureCerts: false, acceptSslCerts: false, applicationCacheEnabled: false, browserConnectionEnabled: false, browserName: chrome, chrome: {chromedriverVersion: 2.35.528157 (4429ca2590d698..., userDataDir: /var/folders/hc/3f86917112g...}, cssSelectorsEnabled: true, databaseEnabled: false, handlesAlerts: true, hasTouchScreen: false, javascriptEnabled: true, locationContextEnabled: true, mobileEmulationEnabled: false, nativeEvents: true, networkConnectionEnabled: false, pageLoadStrategy: normal, platform: MAC, platformName: MAC, rotatable: false, setWindowRect: true, takesHeapSnapshot: true, takesScreenshot: true, unexpectedAlertBehaviour: , unhandledPromptBehavior: , version: 64.0.3282.140, webStorageEnabled: true}\nSession ID: 635c9bb9db61df5a6cf1629ace7bdf74\n\tat sun.reflect.NativeConstructorAccessorImpl.newInstance0(Native Method)\n\tat sun.reflect.NativeConstructorAccessorImpl.newInstance(NativeConstructorAccessorImpl.java:62)\n\tat sun.reflect.DelegatingConstructorAccessorImpl.newInstance(DelegatingConstructorAccessorImpl.java:45)\n\tat java.lang.reflect.Constructor.newInstance(Constructor.java:423)\n\tat org.openqa.selenium.remote.ErrorHandler.createThrowable(ErrorHandler.java:214)\n\tat org.openqa.selenium.remote.ErrorHandler.throwIfResponseFailed(ErrorHandler.java:166)\n\tat org.openqa.selenium.remote.http.JsonHttpResponseCodec.reconstructValue(JsonHttpResponseCodec.java:40)\n\tat org.openqa.selenium.remote.http.AbstractHttpResponseCodec.decode(AbstractHttpResponseCodec.java:80)\n\tat org.openqa.selenium.remote.http.AbstractHttpResponseCodec.decode(AbstractHttpResponseCodec.java:44)\n\tat org.openqa.selenium.remote.HttpCommandExecutor.execute(HttpCommandExecutor.java:164)\n\tat org.openqa.selenium.remote.service.DriverCommandExecutor.execute(DriverCommandExecutor.java:83)\n\tat org.openqa.selenium.remote.RemoteWebDriver.execute(RemoteWebDriver.java:601)\n\tat org.openqa.selenium.remote.RemoteWebElement.execute(RemoteWebElement.java:279)\n\tat org.openqa.selenium.remote.RemoteWebElement.click(RemoteWebElement.java:83)\n\tat pages.MainPage.selectMainMenu(MainPage.java:32)\n\tat steps.MainPageSteps.selectMainMenu(MainPageSteps.java:12)\n\tat steps.ScenerioSteps.selectMainMenuItem(ScenerioSteps.java:25)\n\tat ✽.Когда выбран пункт меню \"Электроника\"(Телевизоры.feature:7)\n"
      },
      "testCases" : [ {
        "uid" : "c9cda20ac37ade35",
        "name" : "Телевизоры",
        "title" : "Телевизоры",
        "time" : {
          "start" : 1517864329767,
          "stop" : 1517864346341,
          "duration" : 16574
        },
        "severity" : "NORMAL",
        "status" : "BROKEN"
      } ]
    }, {
      "uid" : "1c5268a69e761630",
      "failure" : {
        "message" : "InvalidSelectorException: invalid selector: Unable to locate an element with the xpath expression (//*[contains(@class,'link n-link_theme_blue i-bem link_js_inited')] because of the following error:\nSyntaxError: Failed to execute 'evaluate' on 'Document': The string '(//*[contains(@class,'link n-link_theme_blue i-bem link_js_inited')]' is not a valid XPath expression.\n  (Session info: chrome=64.0.3282.140)\n  (Driver info: chromedriver=2.35.528157 (4429ca2590d6988c0745c24c8858745aaaec01ef),platform=Mac OS X 10.11.6 x86_64) (WARNING: The server did not provide any stacktrace information)\nCommand duration or timeout: 0 milliseconds\nFor documentation on this error, please visit: http://seleniumhq.org/exceptions/invalid_selector_exception.html\nBuild info: version: '3.8.1', revision: '6e95a6684b', time: '2017-12-01T18:33:54.468Z'\nSystem info: host: 'MacBook-Pro-service.local', ip: '192.168.1.68', os.name: 'Mac OS X', os.arch: 'x86_64', os.version: '10.11.6', java.version: '1.8.0_151'\nDriver info: org.openqa.selenium.chrome.ChromeDriver\nCapabilities {acceptInsecureCerts: false, acceptSslCerts: false, applicationCacheEnabled: false, browserConnectionEnabled: false, browserName: chrome, chrome: {chromedriverVersion: 2.35.528157 (4429ca2590d698..., userDataDir: /var/folders/hc/3f86917112g...}, cssSelectorsEnabled: true, databaseEnabled: false, handlesAlerts: true, hasTouchScreen: false, javascriptEnabled: true, locationContextEnabled: true, mobileEmulationEnabled: false, nativeEvents: true, networkConnectionEnabled: false, pageLoadStrategy: normal, platform: MAC, platformName: MAC, rotatable: false, setWindowRect: true, takesHeapSnapshot: true, takesScreenshot: true, unexpectedAlertBehaviour: , unhandledPromptBehavior: , version: 64.0.3282.140, webStorageEnabled: true}\nSession ID: c8147a2588d2fb2b27891fce4b75041e\n*** Element info: {Using=xpath, value=(//*[contains(@class,'link n-link_theme_blue i-bem link_js_inited')]}",
        "stackTrace" : "org.openqa.selenium.InvalidSelectorException: invalid selector: Unable to locate an element with the xpath expression (//*[contains(@class,'link n-link_theme_blue i-bem link_js_inited')] because of the following error:\nSyntaxError: Failed to execute 'evaluate' on 'Document': The string '(//*[contains(@class,'link n-link_theme_blue i-bem link_js_inited')]' is not a valid XPath expression.\n  (Session info: chrome=64.0.3282.140)\n  (Driver info: chromedriver=2.35.528157 (4429ca2590d6988c0745c24c8858745aaaec01ef),platform=Mac OS X 10.11.6 x86_64) (WARNING: The server did not provide any stacktrace information)\nCommand duration or timeout: 0 milliseconds\nFor documentation on this error, please visit: http://seleniumhq.org/exceptions/invalid_selector_exception.html\nBuild info: version: '3.8.1', revision: '6e95a6684b', time: '2017-12-01T18:33:54.468Z'\nSystem info: host: 'MacBook-Pro-service.local', ip: '192.168.1.68', os.name: 'Mac OS X', os.arch: 'x86_64', os.version: '10.11.6', java.version: '1.8.0_151'\nDriver info: org.openqa.selenium.chrome.ChromeDriver\nCapabilities {acceptInsecureCerts: false, acceptSslCerts: false, applicationCacheEnabled: false, browserConnectionEnabled: false, browserName: chrome, chrome: {chromedriverVersion: 2.35.528157 (4429ca2590d698..., userDataDir: /var/folders/hc/3f86917112g...}, cssSelectorsEnabled: true, databaseEnabled: false, handlesAlerts: true, hasTouchScreen: false, javascriptEnabled: true, locationContextEnabled: true, mobileEmulationEnabled: false, nativeEvents: true, networkConnectionEnabled: false, pageLoadStrategy: normal, platform: MAC, platformName: MAC, rotatable: false, setWindowRect: true, takesHeapSnapshot: true, takesScreenshot: true, unexpectedAlertBehaviour: , unhandledPromptBehavior: , version: 64.0.3282.140, webStorageEnabled: true}\nSession ID: c8147a2588d2fb2b27891fce4b75041e\n*** Element info: {Using=xpath, value=(//*[contains(@class,'link n-link_theme_blue i-bem link_js_inited')]}\n\tat sun.reflect.NativeConstructorAccessorImpl.newInstance0(Native Method)\n\tat sun.reflect.NativeConstructorAccessorImpl.newInstance(NativeConstructorAccessorImpl.java:62)\n\tat sun.reflect.DelegatingConstructorAccessorImpl.newInstance(DelegatingConstructorAccessorImpl.java:45)\n\tat java.lang.reflect.Constructor.newInstance(Constructor.java:423)\n\tat org.openqa.selenium.remote.ErrorHandler.createThrowable(ErrorHandler.java:214)\n\tat org.openqa.selenium.remote.ErrorHandler.throwIfResponseFailed(ErrorHandler.java:166)\n\tat org.openqa.selenium.remote.http.JsonHttpResponseCodec.reconstructValue(JsonHttpResponseCodec.java:40)\n\tat org.openqa.selenium.remote.http.AbstractHttpResponseCodec.decode(AbstractHttpResponseCodec.java:80)\n\tat org.openqa.selenium.remote.http.AbstractHttpResponseCodec.decode(AbstractHttpResponseCodec.java:44)\n\tat org.openqa.selenium.remote.HttpCommandExecutor.execute(HttpCommandExecutor.java:164)\n\tat org.openqa.selenium.remote.service.DriverCommandExecutor.execute(DriverCommandExecutor.java:83)\n\tat org.openqa.selenium.remote.RemoteWebDriver.execute(RemoteWebDriver.java:601)\n\tat org.openqa.selenium.remote.RemoteWebDriver.findElement(RemoteWebDriver.java:371)\n\tat org.openqa.selenium.remote.RemoteWebDriver.findElementByXPath(RemoteWebDriver.java:473)\n\tat org.openqa.selenium.By$ByXPath.findElement(By.java:361)\n\tat org.openqa.selenium.remote.RemoteWebDriver.findElement(RemoteWebDriver.java:363)\n\tat pages.ResPage.assertFirstElement(ResPage.java:47)\n\tat steps.ResPageSteps.assertFirstElem(ResPageSteps.java:15)\n\tat steps.ScenerioSteps.assertFirstElem(ScenerioSteps.java:77)\n\tat ✽.Когда проверить поиск по первому значению(Телевизоры.feature:18)\n"
      },
      "testCases" : [ {
        "uid" : "967cb89c7b5215a8",
        "name" : "Телевизоры",
        "title" : "Телевизоры",
        "time" : {
          "start" : 1518027780285,
          "stop" : 1518027855309,
          "duration" : 75024
        },
        "severity" : "NORMAL",
        "status" : "BROKEN"
      } ]
    }, {
      "uid" : "4bc6b06dc4e0f975",
      "failure" : {
        "message" : "InvalidSelectorException: invalid selector: Unable to locate an element with the xpath expression (//*[contains(@class,'link n-link_theme_blue i-bem link_js_inited link_pressed_yes')][contains(text(),'')] because of the following error:\nSyntaxError: Failed to execute 'evaluate' on 'Document': The string '(//*[contains(@class,'link n-link_theme_blue i-bem link_js_inited link_pressed_yes')][contains(text(),'')]' is not a valid XPath expression.\n  (Session info: chrome=64.0.3282.140)\n  (Driver info: chromedriver=2.35.528157 (4429ca2590d6988c0745c24c8858745aaaec01ef),platform=Mac OS X 10.11.6 x86_64) (WARNING: The server did not provide any stacktrace information)\nCommand duration or timeout: 0 milliseconds\nFor documentation on this error, please visit: http://seleniumhq.org/exceptions/invalid_selector_exception.html\nBuild info: version: '3.8.1', revision: '6e95a6684b', time: '2017-12-01T18:33:54.468Z'\nSystem info: host: 'MacBook-Pro-service.local', ip: '192.168.1.68', os.name: 'Mac OS X', os.arch: 'x86_64', os.version: '10.11.6', java.version: '1.8.0_151'\nDriver info: org.openqa.selenium.chrome.ChromeDriver\nCapabilities {acceptInsecureCerts: false, acceptSslCerts: false, applicationCacheEnabled: false, browserConnectionEnabled: false, browserName: chrome, chrome: {chromedriverVersion: 2.35.528157 (4429ca2590d698..., userDataDir: /var/folders/hc/3f86917112g...}, cssSelectorsEnabled: true, databaseEnabled: false, handlesAlerts: true, hasTouchScreen: false, javascriptEnabled: true, locationContextEnabled: true, mobileEmulationEnabled: false, nativeEvents: true, networkConnectionEnabled: false, pageLoadStrategy: normal, platform: MAC, platformName: MAC, rotatable: false, setWindowRect: true, takesHeapSnapshot: true, takesScreenshot: true, unexpectedAlertBehaviour: , unhandledPromptBehavior: , version: 64.0.3282.140, webStorageEnabled: true}\nSession ID: 044fbed9fc14fd5173a899e7697b96f4\n*** Element info: {Using=xpath, value=(//*[contains(@class,'link n-link_theme_blue i-bem link_js_inited link_pressed_yes')][contains(text(),'')]}",
        "stackTrace" : "org.openqa.selenium.InvalidSelectorException: invalid selector: Unable to locate an element with the xpath expression (//*[contains(@class,'link n-link_theme_blue i-bem link_js_inited link_pressed_yes')][contains(text(),'')] because of the following error:\nSyntaxError: Failed to execute 'evaluate' on 'Document': The string '(//*[contains(@class,'link n-link_theme_blue i-bem link_js_inited link_pressed_yes')][contains(text(),'')]' is not a valid XPath expression.\n  (Session info: chrome=64.0.3282.140)\n  (Driver info: chromedriver=2.35.528157 (4429ca2590d6988c0745c24c8858745aaaec01ef),platform=Mac OS X 10.11.6 x86_64) (WARNING: The server did not provide any stacktrace information)\nCommand duration or timeout: 0 milliseconds\nFor documentation on this error, please visit: http://seleniumhq.org/exceptions/invalid_selector_exception.html\nBuild info: version: '3.8.1', revision: '6e95a6684b', time: '2017-12-01T18:33:54.468Z'\nSystem info: host: 'MacBook-Pro-service.local', ip: '192.168.1.68', os.name: 'Mac OS X', os.arch: 'x86_64', os.version: '10.11.6', java.version: '1.8.0_151'\nDriver info: org.openqa.selenium.chrome.ChromeDriver\nCapabilities {acceptInsecureCerts: false, acceptSslCerts: false, applicationCacheEnabled: false, browserConnectionEnabled: false, browserName: chrome, chrome: {chromedriverVersion: 2.35.528157 (4429ca2590d698..., userDataDir: /var/folders/hc/3f86917112g...}, cssSelectorsEnabled: true, databaseEnabled: false, handlesAlerts: true, hasTouchScreen: false, javascriptEnabled: true, locationContextEnabled: true, mobileEmulationEnabled: false, nativeEvents: true, networkConnectionEnabled: false, pageLoadStrategy: normal, platform: MAC, platformName: MAC, rotatable: false, setWindowRect: true, takesHeapSnapshot: true, takesScreenshot: true, unexpectedAlertBehaviour: , unhandledPromptBehavior: , version: 64.0.3282.140, webStorageEnabled: true}\nSession ID: 044fbed9fc14fd5173a899e7697b96f4\n*** Element info: {Using=xpath, value=(//*[contains(@class,'link n-link_theme_blue i-bem link_js_inited link_pressed_yes')][contains(text(),'')]}\n\tat sun.reflect.NativeConstructorAccessorImpl.newInstance0(Native Method)\n\tat sun.reflect.NativeConstructorAccessorImpl.newInstance(NativeConstructorAccessorImpl.java:62)\n\tat sun.reflect.DelegatingConstructorAccessorImpl.newInstance(DelegatingConstructorAccessorImpl.java:45)\n\tat java.lang.reflect.Constructor.newInstance(Constructor.java:423)\n\tat org.openqa.selenium.remote.ErrorHandler.createThrowable(ErrorHandler.java:214)\n\tat org.openqa.selenium.remote.ErrorHandler.throwIfResponseFailed(ErrorHandler.java:166)\n\tat org.openqa.selenium.remote.http.JsonHttpResponseCodec.reconstructValue(JsonHttpResponseCodec.java:40)\n\tat org.openqa.selenium.remote.http.AbstractHttpResponseCodec.decode(AbstractHttpResponseCodec.java:80)\n\tat org.openqa.selenium.remote.http.AbstractHttpResponseCodec.decode(AbstractHttpResponseCodec.java:44)\n\tat org.openqa.selenium.remote.HttpCommandExecutor.execute(HttpCommandExecutor.java:164)\n\tat org.openqa.selenium.remote.service.DriverCommandExecutor.execute(DriverCommandExecutor.java:83)\n\tat org.openqa.selenium.remote.RemoteWebDriver.execute(RemoteWebDriver.java:601)\n\tat org.openqa.selenium.remote.RemoteWebDriver.findElement(RemoteWebDriver.java:371)\n\tat org.openqa.selenium.remote.RemoteWebDriver.findElementByXPath(RemoteWebDriver.java:473)\n\tat org.openqa.selenium.By$ByXPath.findElement(By.java:361)\n\tat org.openqa.selenium.remote.RemoteWebDriver.findElement(RemoteWebDriver.java:363)\n\tat pages.ResPage.assertFirstElement(ResPage.java:47)\n\tat steps.ResPageSteps.assertFirstElem(ResPageSteps.java:15)\n\tat steps.ScenerioSteps.assertFirstElem(ScenerioSteps.java:77)\n\tat ✽.Когда проверить поиск по первому значению(Телевизоры.feature:18)\n"
      },
      "testCases" : [ {
        "uid" : "a8dcf64651811ca",
        "name" : "Телевизоры",
        "title" : "Телевизоры",
        "time" : {
          "start" : 1518029112213,
          "stop" : 1518029153155,
          "duration" : 40942
        },
        "severity" : "NORMAL",
        "status" : "BROKEN"
      } ]
    }, {
      "uid" : "535475b6561e0ee4",
      "failure" : {
        "message" : "TimeoutException: Expected condition failed: waiting for visibility of [[ChromeDriver: chrome on MAC (4429c4f77bf6605a9a043ab7a48369ee)] -> xpath: //*/li[1]/div/div/a[3]] (tried for 10 second(s) with 1000 MILLISECONDS interval)\nBuild info: version: '3.8.1', revision: '6e95a6684b', time: '2017-12-01T18:33:54.468Z'\nSystem info: host: 'MacBook-Pro-service.local', ip: '192.168.1.68', os.name: 'Mac OS X', os.arch: 'x86_64', os.version: '10.11.6', java.version: '1.8.0_151'\nDriver info: org.openqa.selenium.chrome.ChromeDriver\nCapabilities {acceptInsecureCerts: false, acceptSslCerts: false, applicationCacheEnabled: false, browserConnectionEnabled: false, browserName: chrome, chrome: {chromedriverVersion: 2.35.528157 (4429ca2590d698..., userDataDir: /var/folders/hc/3f86917112g...}, cssSelectorsEnabled: true, databaseEnabled: false, handlesAlerts: true, hasTouchScreen: false, javascriptEnabled: true, locationContextEnabled: true, mobileEmulationEnabled: false, nativeEvents: true, networkConnectionEnabled: false, pageLoadStrategy: normal, platform: MAC, platformName: MAC, rotatable: false, setWindowRect: true, takesHeapSnapshot: true, takesScreenshot: true, unexpectedAlertBehaviour: , unhandledPromptBehavior: , version: 64.0.3282.140, webStorageEnabled: true}\nSession ID: 4429c4f77bf6605a9a043ab7a48369ee",
        "stackTrace" : "org.openqa.selenium.TimeoutException: Expected condition failed: waiting for visibility of [[ChromeDriver: chrome on MAC (4429c4f77bf6605a9a043ab7a48369ee)] -> xpath: //*/li[1]/div/div/a[3]] (tried for 10 second(s) with 1000 MILLISECONDS interval)\nBuild info: version: '3.8.1', revision: '6e95a6684b', time: '2017-12-01T18:33:54.468Z'\nSystem info: host: 'MacBook-Pro-service.local', ip: '192.168.1.68', os.name: 'Mac OS X', os.arch: 'x86_64', os.version: '10.11.6', java.version: '1.8.0_151'\nDriver info: org.openqa.selenium.chrome.ChromeDriver\nCapabilities {acceptInsecureCerts: false, acceptSslCerts: false, applicationCacheEnabled: false, browserConnectionEnabled: false, browserName: chrome, chrome: {chromedriverVersion: 2.35.528157 (4429ca2590d698..., userDataDir: /var/folders/hc/3f86917112g...}, cssSelectorsEnabled: true, databaseEnabled: false, handlesAlerts: true, hasTouchScreen: false, javascriptEnabled: true, locationContextEnabled: true, mobileEmulationEnabled: false, nativeEvents: true, networkConnectionEnabled: false, pageLoadStrategy: normal, platform: MAC, platformName: MAC, rotatable: false, setWindowRect: true, takesHeapSnapshot: true, takesScreenshot: true, unexpectedAlertBehaviour: , unhandledPromptBehavior: , version: 64.0.3282.140, webStorageEnabled: true}\nSession ID: 4429c4f77bf6605a9a043ab7a48369ee\n\tat org.openqa.selenium.support.ui.WebDriverWait.timeoutException(WebDriverWait.java:82)\n\tat org.openqa.selenium.support.ui.FluentWait.until(FluentWait.java:231)\n\tat pages.MainPage.selectSubMenu(MainPage.java:39)\n\tat steps.MainPageSteps.selectSubMenu(MainPageSteps.java:17)\n\tat steps.ScenerioSteps.selectSubMenuItem(ScenerioSteps.java:21)\n\tat ✽.Тогда выбран пункт меню Телевизоры(Телевизоры.feature:8)\n"
      },
      "testCases" : [ {
        "uid" : "a51ded2128e4eb87",
        "name" : "Телевизоры",
        "title" : "Телевизоры",
        "time" : {
          "start" : 1517941969676,
          "stop" : 1517942015595,
          "duration" : 45919
        },
        "severity" : "NORMAL",
        "status" : "BROKEN"
      } ]
    }, {
      "uid" : "cdbbedb1c1e59420",
      "failure" : {
        "message" : "InvalidSelectorException: invalid selector: Unable to locate an element with the xpath expression (//*[contains(@class,'link n-link_theme_blue i-bem link_js_inited link_pressed_yes')] because of the following error:\nSyntaxError: Failed to execute 'evaluate' on 'Document': The string '(//*[contains(@class,'link n-link_theme_blue i-bem link_js_inited link_pressed_yes')]' is not a valid XPath expression.\n  (Session info: chrome=64.0.3282.140)\n  (Driver info: chromedriver=2.35.528157 (4429ca2590d6988c0745c24c8858745aaaec01ef),platform=Mac OS X 10.11.6 x86_64) (WARNING: The server did not provide any stacktrace information)\nCommand duration or timeout: 0 milliseconds\nFor documentation on this error, please visit: http://seleniumhq.org/exceptions/invalid_selector_exception.html\nBuild info: version: '3.8.1', revision: '6e95a6684b', time: '2017-12-01T18:33:54.468Z'\nSystem info: host: 'MacBook-Pro-service.local', ip: '192.168.1.68', os.name: 'Mac OS X', os.arch: 'x86_64', os.version: '10.11.6', java.version: '1.8.0_151'\nDriver info: org.openqa.selenium.chrome.ChromeDriver\nCapabilities {acceptInsecureCerts: false, acceptSslCerts: false, applicationCacheEnabled: false, browserConnectionEnabled: false, browserName: chrome, chrome: {chromedriverVersion: 2.35.528157 (4429ca2590d698..., userDataDir: /var/folders/hc/3f86917112g...}, cssSelectorsEnabled: true, databaseEnabled: false, handlesAlerts: true, hasTouchScreen: false, javascriptEnabled: true, locationContextEnabled: true, mobileEmulationEnabled: false, nativeEvents: true, networkConnectionEnabled: false, pageLoadStrategy: normal, platform: MAC, platformName: MAC, rotatable: false, setWindowRect: true, takesHeapSnapshot: true, takesScreenshot: true, unexpectedAlertBehaviour: , unhandledPromptBehavior: , version: 64.0.3282.140, webStorageEnabled: true}\nSession ID: c4fc61f5c88943416e801ccf8fe016cd\n*** Element info: {Using=xpath, value=(//*[contains(@class,'link n-link_theme_blue i-bem link_js_inited link_pressed_yes')]}",
        "stackTrace" : "org.openqa.selenium.InvalidSelectorException: invalid selector: Unable to locate an element with the xpath expression (//*[contains(@class,'link n-link_theme_blue i-bem link_js_inited link_pressed_yes')] because of the following error:\nSyntaxError: Failed to execute 'evaluate' on 'Document': The string '(//*[contains(@class,'link n-link_theme_blue i-bem link_js_inited link_pressed_yes')]' is not a valid XPath expression.\n  (Session info: chrome=64.0.3282.140)\n  (Driver info: chromedriver=2.35.528157 (4429ca2590d6988c0745c24c8858745aaaec01ef),platform=Mac OS X 10.11.6 x86_64) (WARNING: The server did not provide any stacktrace information)\nCommand duration or timeout: 0 milliseconds\nFor documentation on this error, please visit: http://seleniumhq.org/exceptions/invalid_selector_exception.html\nBuild info: version: '3.8.1', revision: '6e95a6684b', time: '2017-12-01T18:33:54.468Z'\nSystem info: host: 'MacBook-Pro-service.local', ip: '192.168.1.68', os.name: 'Mac OS X', os.arch: 'x86_64', os.version: '10.11.6', java.version: '1.8.0_151'\nDriver info: org.openqa.selenium.chrome.ChromeDriver\nCapabilities {acceptInsecureCerts: false, acceptSslCerts: false, applicationCacheEnabled: false, browserConnectionEnabled: false, browserName: chrome, chrome: {chromedriverVersion: 2.35.528157 (4429ca2590d698..., userDataDir: /var/folders/hc/3f86917112g...}, cssSelectorsEnabled: true, databaseEnabled: false, handlesAlerts: true, hasTouchScreen: false, javascriptEnabled: true, locationContextEnabled: true, mobileEmulationEnabled: false, nativeEvents: true, networkConnectionEnabled: false, pageLoadStrategy: normal, platform: MAC, platformName: MAC, rotatable: false, setWindowRect: true, takesHeapSnapshot: true, takesScreenshot: true, unexpectedAlertBehaviour: , unhandledPromptBehavior: , version: 64.0.3282.140, webStorageEnabled: true}\nSession ID: c4fc61f5c88943416e801ccf8fe016cd\n*** Element info: {Using=xpath, value=(//*[contains(@class,'link n-link_theme_blue i-bem link_js_inited link_pressed_yes')]}\n\tat sun.reflect.NativeConstructorAccessorImpl.newInstance0(Native Method)\n\tat sun.reflect.NativeConstructorAccessorImpl.newInstance(NativeConstructorAccessorImpl.java:62)\n\tat sun.reflect.DelegatingConstructorAccessorImpl.newInstance(DelegatingConstructorAccessorImpl.java:45)\n\tat java.lang.reflect.Constructor.newInstance(Constructor.java:423)\n\tat org.openqa.selenium.remote.ErrorHandler.createThrowable(ErrorHandler.java:214)\n\tat org.openqa.selenium.remote.ErrorHandler.throwIfResponseFailed(ErrorHandler.java:166)\n\tat org.openqa.selenium.remote.http.JsonHttpResponseCodec.reconstructValue(JsonHttpResponseCodec.java:40)\n\tat org.openqa.selenium.remote.http.AbstractHttpResponseCodec.decode(AbstractHttpResponseCodec.java:80)\n\tat org.openqa.selenium.remote.http.AbstractHttpResponseCodec.decode(AbstractHttpResponseCodec.java:44)\n\tat org.openqa.selenium.remote.HttpCommandExecutor.execute(HttpCommandExecutor.java:164)\n\tat org.openqa.selenium.remote.service.DriverCommandExecutor.execute(DriverCommandExecutor.java:83)\n\tat org.openqa.selenium.remote.RemoteWebDriver.execute(RemoteWebDriver.java:601)\n\tat org.openqa.selenium.remote.RemoteWebDriver.findElement(RemoteWebDriver.java:371)\n\tat org.openqa.selenium.remote.RemoteWebDriver.findElementByXPath(RemoteWebDriver.java:473)\n\tat org.openqa.selenium.By$ByXPath.findElement(By.java:361)\n\tat org.openqa.selenium.remote.RemoteWebDriver.findElement(RemoteWebDriver.java:363)\n\tat pages.ResPage.assertFirstElement(ResPage.java:47)\n\tat steps.ResPageSteps.assertFirstElem(ResPageSteps.java:15)\n\tat steps.ScenerioSteps.assertFirstElem(ScenerioSteps.java:77)\n\tat ✽.Когда проверить поиск по первому значению(Телевизоры.feature:18)\n"
      },
      "testCases" : [ {
        "uid" : "139fa3fe4813071c",
        "name" : "Телевизоры",
        "title" : "Телевизоры",
        "time" : {
          "start" : 1518028225458,
          "stop" : 1518028293244,
          "duration" : 67786
        },
        "severity" : "NORMAL",
        "status" : "BROKEN"
      } ]
    } ]
  } ]
}