<?xml version="1.0" encoding="UTF-8" standalone="yes"?>
<ns2:test-suite start="1517615337858" stop="1517615425815" version="1.5.2" xmlns:ns2="urn:model.allure.qatools.yandex.ru">
    <name>Страхование</name>
    <description type="text"></description>
    <test-cases>
        <test-case start="1517615338172" stop="1517615425811" status="broken">
            <name>Страхование путешественников</name>
            <title>Страхование путешественников</title>
            <description type="text"></description>
            <failure>
                <message>TimeoutException: Expected condition failed: waiting for visibility of Proxy element for: DefaultElementLocator 'By.name: insured0_surname' (tried for 10 second(s) with 1000 MILLISECONDS interval)</message>
                <stack-trace>org.openqa.selenium.TimeoutException: Expected condition failed: waiting for visibility of Proxy element for: DefaultElementLocator 'By.name: insured0_surname' (tried for 10 second(s) with 1000 MILLISECONDS interval)
	at org.openqa.selenium.support.ui.WebDriverWait.timeoutException(WebDriverWait.java:82)
	at org.openqa.selenium.support.ui.FluentWait.until(FluentWait.java:231)
	at pages.SendAppPage.&lt;init&gt;(SendAppPage.java:77)
	at steps.SendAppSteps.clickMinimal(SendAppSteps.java:33)
	at steps.ScenarioSteps.clickMinimal(ScenarioSteps.java:38)
	at ✽.Когда нажатие на Минимальная(Страхование.feature:14)
Caused by: org.openqa.selenium.NoSuchElementException: no such element: Unable to locate element: {"method":"name","selector":"insured0_surname"}
  (Session info: chrome=64.0.3282.140)
  (Driver info: chromedriver=2.35.528157 (4429ca2590d6988c0745c24c8858745aaaec01ef),platform=Mac OS X 10.11.6 x86_64) (WARNING: The server did not provide any stacktrace information)
Command duration or timeout: 0 milliseconds
For documentation on this error, please visit: http://seleniumhq.org/exceptions/no_such_element.html
Build info: version: '3.8.1', revision: '6e95a6684b', time: '2017-12-01T18:33:54.468Z'
System info: host: 'MacBook-Pro-service.local', ip: '192.168.1.68', os.name: 'Mac OS X', os.arch: 'x86_64', os.version: '10.11.6', java.version: '1.8.0_151'
Driver info: org.openqa.selenium.chrome.ChromeDriver
Capabilities {acceptInsecureCerts: false, acceptSslCerts: false, applicationCacheEnabled: false, browserConnectionEnabled: false, browserName: chrome, chrome: {chromedriverVersion: 2.35.528157 (4429ca2590d698..., userDataDir: /var/folders/hc/3f86917112g...}, cssSelectorsEnabled: true, databaseEnabled: false, handlesAlerts: true, hasTouchScreen: false, javascriptEnabled: true, locationContextEnabled: true, mobileEmulationEnabled: false, nativeEvents: true, networkConnectionEnabled: false, pageLoadStrategy: normal, platform: MAC, platformName: MAC, rotatable: false, setWindowRect: true, takesHeapSnapshot: true, takesScreenshot: true, unexpectedAlertBehaviour: , unhandledPromptBehavior: , version: 64.0.3282.140, webStorageEnabled: true}
Session ID: ff1d6e4f27d3cc694f50a545a39363ea
*** Element info: {Using=name, value=insured0_surname}
	at sun.reflect.NativeConstructorAccessorImpl.newInstance0(Native Method)
	at sun.reflect.NativeConstructorAccessorImpl.newInstance(NativeConstructorAccessorImpl.java:62)
	at sun.reflect.DelegatingConstructorAccessorImpl.newInstance(DelegatingConstructorAccessorImpl.java:45)
	at java.lang.reflect.Constructor.newInstance(Constructor.java:423)
	at org.openqa.selenium.remote.ErrorHandler.createThrowable(ErrorHandler.java:214)
	at org.openqa.selenium.remote.ErrorHandler.throwIfResponseFailed(ErrorHandler.java:166)
	at org.openqa.selenium.remote.http.JsonHttpResponseCodec.reconstructValue(JsonHttpResponseCodec.java:40)
	at org.openqa.selenium.remote.http.AbstractHttpResponseCodec.decode(AbstractHttpResponseCodec.java:80)
	at org.openqa.selenium.remote.http.AbstractHttpResponseCodec.decode(AbstractHttpResponseCodec.java:44)
	at org.openqa.selenium.remote.HttpCommandExecutor.execute(HttpCommandExecutor.java:164)
	at org.openqa.selenium.remote.service.DriverCommandExecutor.execute(DriverCommandExecutor.java:83)
	at org.openqa.selenium.remote.RemoteWebDriver.execute(RemoteWebDriver.java:601)
	at org.openqa.selenium.remote.RemoteWebDriver.findElement(RemoteWebDriver.java:371)
	at org.openqa.selenium.remote.RemoteWebDriver.findElementByName(RemoteWebDriver.java:449)
	at org.openqa.selenium.By$ByName.findElement(By.java:303)
	at org.openqa.selenium.remote.RemoteWebDriver.findElement(RemoteWebDriver.java:363)
	at org.openqa.selenium.support.pagefactory.DefaultElementLocator.findElement(DefaultElementLocator.java:69)
	at org.openqa.selenium.support.pagefactory.internal.LocatingElementHandler.invoke(LocatingElementHandler.java:38)
	at com.sun.proxy.$Proxy20.isDisplayed(Unknown Source)
	at org.openqa.selenium.support.ui.ExpectedConditions.elementIfVisible(ExpectedConditions.java:301)
	at org.openqa.selenium.support.ui.ExpectedConditions.access$100(ExpectedConditions.java:43)
	at org.openqa.selenium.support.ui.ExpectedConditions$10.apply(ExpectedConditions.java:287)
	at org.openqa.selenium.support.ui.ExpectedConditions$10.apply(ExpectedConditions.java:284)
	at org.openqa.selenium.support.ui.FluentWait.until(FluentWait.java:208)
	at pages.SendAppPage.&lt;init&gt;(SendAppPage.java:77)
	at steps.SendAppSteps.clickMinimal(SendAppSteps.java:33)
	at steps.ScenarioSteps.clickMinimal(ScenarioSteps.java:38)
	at sun.reflect.NativeMethodAccessorImpl.invoke0(Native Method)
	at sun.reflect.NativeMethodAccessorImpl.invoke(NativeMethodAccessorImpl.java:62)
	at sun.reflect.DelegatingMethodAccessorImpl.invoke(DelegatingMethodAccessorImpl.java:43)
	at java.lang.reflect.Method.invoke(Method.java:498)
	at cucumber.runtime.Utils$1.call(Utils.java:40)
	at cucumber.runtime.Timeout.timeout(Timeout.java:16)
	at cucumber.runtime.Utils.invoke(Utils.java:34)
	at cucumber.runtime.java.JavaStepDefinition.execute(JavaStepDefinition.java:38)
	at cucumber.runtime.StepDefinitionMatch.runStep(StepDefinitionMatch.java:37)
	at cucumber.runtime.Runtime.runStep(Runtime.java:300)
	at cucumber.runtime.model.StepContainer.runStep(StepContainer.java:44)
	at cucumber.runtime.model.StepContainer.runSteps(StepContainer.java:39)
	at cucumber.runtime.model.CucumberScenario.run(CucumberScenario.java:44)
	at cucumber.runtime.junit.ExecutionUnitRunner.run(ExecutionUnitRunner.java:102)
	at cucumber.runtime.junit.FeatureRunner.runChild(FeatureRunner.java:63)
	at cucumber.runtime.junit.FeatureRunner.runChild(FeatureRunner.java:18)
	at org.junit.runners.ParentRunner$3.run(ParentRunner.java:290)
	at org.junit.runners.ParentRunner$1.schedule(ParentRunner.java:71)
	at org.junit.runners.ParentRunner.runChildren(ParentRunner.java:288)
	at org.junit.runners.ParentRunner.access$000(ParentRunner.java:58)
	at org.junit.runners.ParentRunner$2.evaluate(ParentRunner.java:268)
	at org.junit.runners.ParentRunner.run(ParentRunner.java:363)
	at cucumber.runtime.junit.FeatureRunner.run(FeatureRunner.java:70)
	at cucumber.api.junit.Cucumber.runChild(Cucumber.java:95)
	at cucumber.api.junit.Cucumber.runChild(Cucumber.java:38)
	at org.junit.runners.ParentRunner$3.run(ParentRunner.java:290)
	at org.junit.runners.ParentRunner$1.schedule(ParentRunner.java:71)
	at org.junit.runners.ParentRunner.runChildren(ParentRunner.java:288)
	at org.junit.runners.ParentRunner.access$000(ParentRunner.java:58)
	at org.junit.runners.ParentRunner$2.evaluate(ParentRunner.java:268)
	at org.junit.runners.ParentRunner.run(ParentRunner.java:363)
	at cucumber.api.junit.Cucumber.run(Cucumber.java:100)
	at org.apache.maven.surefire.junit4.JUnit4Provider.execute(JUnit4Provider.java:367)
	at org.apache.maven.surefire.junit4.JUnit4Provider.executeWithRerun(JUnit4Provider.java:274)
	at org.apache.maven.surefire.junit4.JUnit4Provider.executeTestSet(JUnit4Provider.java:238)
	at org.apache.maven.surefire.junit4.JUnit4Provider.invoke(JUnit4Provider.java:161)
	at org.apache.maven.surefire.booter.ForkedBooter.invokeProviderInSameClassLoader(ForkedBooter.java:290)
	at org.apache.maven.surefire.booter.ForkedBooter.runSuitesInProcess(ForkedBooter.java:242)
	at org.apache.maven.surefire.booter.ForkedBooter.main(ForkedBooter.java:121)
</stack-trace>
            </failure>
            <steps>
                <step start="1517615370242" stop="1517615373800" status="passed">
                    <name>Когда выбран пункт меню "Застраховать"</name>
                    <title>Когда выбран пункт меню "Застраховать"</title>
                    <steps>
                        <step start="1517615371715" stop="1517615373798" status="passed">
                            <name>selectMainMenu[Застраховать]</name>
                            <title>Выбран пункт меню - Застраховать себя и имущество</title>
                        </step>
                    </steps>
                </step>
                <step start="1517615373801" stop="1517615379217" status="passed">
                    <name>Тогда выбран пункт меню Страхование путешественников</name>
                    <title>Тогда выбран пункт меню Страхование путешественников</title>
                    <steps>
                        <step start="1517615373803" stop="1517615379216" status="passed">
                            <name>selectSubMenu</name>
                            <title>Выбран пункт меню - Страхование путешественников</title>
                        </step>
                    </steps>
                </step>
                <step start="1517615379217" stop="1517615380873" status="passed">
                    <name>Когда выполнено нажатие на картинку Оформить</name>
                    <title>Когда выполнено нажатие на картинку Оформить</title>
                    <steps>
                        <step start="1517615379218" stop="1517615380873" status="passed">
                            <name>stepExecuteButton</name>
                            <title>Выполнено нажатие на кнопку Оформить</title>
                        </step>
                    </steps>
                </step>
                <step start="1517615380873" stop="1517615381071" status="passed">
                    <name>Когда выполнен переход на новую вкладку</name>
                    <title>Когда выполнен переход на новую вкладку</title>
                    <steps>
                        <step start="1517615380874" stop="1517615381071" status="passed">
                            <name>chVkladka</name>
                            <title>Переход на следующую вкладку</title>
                        </step>
                    </steps>
                </step>
                <step start="1517615381072" stop="1517615425359" status="broken">
                    <name>Когда нажатие на Минимальная</name>
                    <title>Когда нажатие на Минимальная</title>
                    <attachments>
                        <attachment title="Скриншот в момент ошибки" source="99a1a28d-8055-4785-a2c8-be9dff986292-attachment.png" type="image/png"/>
                    </attachments>
                    <steps>
                        <step start="1517615381074" stop="1517615424360" status="broken">
                            <name>clickMinimal</name>
                            <title>Выбор - Минимальная</title>
                        </step>
                    </steps>
                </step>
                <step start="1517615425363" stop="1517615425374" status="canceled">
                    <name>И нажатие на Оформить</name>
                    <title>И нажатие на Оформить</title>
                </step>
                <step start="1517615425375" stop="1517615425375" status="canceled">
                    <name>Когда заполняются поля:</name>
                    <title>Когда заполняются поля:</title>
                </step>
                <step start="1517615425376" stop="1517615425376" status="canceled">
                    <name>Тогда значения полей равны:</name>
                    <title>Тогда значения полей равны:</title>
                </step>
                <step start="1517615425376" stop="1517615425377" status="canceled">
                    <name>Когда нажатие на Продолжить</name>
                    <title>Когда нажатие на Продолжить</title>
                </step>
                <step start="1517615425377" stop="1517615425377" status="canceled">
                    <name>Тогда наличие ошибки отсутсвия обязательных полей</name>
                    <title>Тогда наличие ошибки отсутсвия обязательных полей</title>
                </step>
            </steps>
            <attachments/>
            <labels>
                <label name="story" value="Страхование путешественников"/>
                <label name="feature" value="Страхование"/>
                <label name="host" value="MacBook-Pro-service.local"/>
                <label name="thread" value="33712@MacBook-Pro-service.local.main(1)"/>
                <label name="framework" value="CucumberJVM"/>
            </labels>
        </test-case>
    </test-cases>
    <labels>
        <label name="feature" value="Страхование"/>
        <label name="language" value="JAVA"/>
    </labels>
</ns2:test-suite>
