<?xml version="1.0" encoding="UTF-8" standalone="yes"?>
<ns2:test-suite start="1518211133687" stop="1518211195400" version="1.5.2" xmlns:ns2="urn:model.allure.qatools.yandex.ru">
    <name>Яндекс Маркет</name>
    <description type="text"></description>
    <test-cases>
        <test-case start="1518211134093" stop="1518211195395" status="broken">
            <name>Телевизоры</name>
            <title>Телевизоры</title>
            <description type="text"></description>
            <failure>
                <message>NoSuchElementException: no such element: Unable to locate element: {"method":"xpath","selector":"//*[@class='link n-link_theme_blue i-bem link_js_inited']"}
  (Session info: chrome=64.0.3282.140)
  (Driver info: chromedriver=2.35.528157 (4429ca2590d6988c0745c24c8858745aaaec01ef),platform=Mac OS X 10.11.6 x86_64) (WARNING: The server did not provide any stacktrace information)
Command duration or timeout: 0 milliseconds
For documentation on this error, please visit: http://seleniumhq.org/exceptions/no_such_element.html
Build info: version: '3.8.1', revision: '6e95a6684b', time: '2017-12-01T18:33:54.468Z'
System info: host: 'MacBook-Pro-service.local', ip: '192.168.1.68', os.name: 'Mac OS X', os.arch: 'x86_64', os.version: '10.11.6', java.version: '1.8.0_151'
Driver info: org.openqa.selenium.chrome.ChromeDriver
Capabilities {acceptInsecureCerts: false, acceptSslCerts: false, applicationCacheEnabled: false, browserConnectionEnabled: false, browserName: chrome, chrome: {chromedriverVersion: 2.35.528157 (4429ca2590d698..., userDataDir: /var/folders/hc/3f86917112g...}, cssSelectorsEnabled: true, databaseEnabled: false, handlesAlerts: true, hasTouchScreen: false, javascriptEnabled: true, locationContextEnabled: true, mobileEmulationEnabled: false, nativeEvents: true, networkConnectionEnabled: false, pageLoadStrategy: normal, platform: MAC, platformName: MAC, rotatable: false, setWindowRect: true, takesHeapSnapshot: true, takesScreenshot: true, unexpectedAlertBehaviour: , unhandledPromptBehavior: , version: 64.0.3282.140, webStorageEnabled: true}
Session ID: ba45b42cbb296ff3ced8fcccd7f9295f
*** Element info: {Using=xpath, value=//*[@class='link n-link_theme_blue i-bem link_js_inited']}</message>
                <stack-trace>org.openqa.selenium.NoSuchElementException: no such element: Unable to locate element: {"method":"xpath","selector":"//*[@class='link n-link_theme_blue i-bem link_js_inited']"}
  (Session info: chrome=64.0.3282.140)
  (Driver info: chromedriver=2.35.528157 (4429ca2590d6988c0745c24c8858745aaaec01ef),platform=Mac OS X 10.11.6 x86_64) (WARNING: The server did not provide any stacktrace information)
Command duration or timeout: 0 milliseconds
For documentation on this error, please visit: http://seleniumhq.org/exceptions/no_such_element.html
Build info: version: '3.8.1', revision: '6e95a6684b', time: '2017-12-01T18:33:54.468Z'
System info: host: 'MacBook-Pro-service.local', ip: '192.168.1.68', os.name: 'Mac OS X', os.arch: 'x86_64', os.version: '10.11.6', java.version: '1.8.0_151'
Driver info: org.openqa.selenium.chrome.ChromeDriver
Capabilities {acceptInsecureCerts: false, acceptSslCerts: false, applicationCacheEnabled: false, browserConnectionEnabled: false, browserName: chrome, chrome: {chromedriverVersion: 2.35.528157 (4429ca2590d698..., userDataDir: /var/folders/hc/3f86917112g...}, cssSelectorsEnabled: true, databaseEnabled: false, handlesAlerts: true, hasTouchScreen: false, javascriptEnabled: true, locationContextEnabled: true, mobileEmulationEnabled: false, nativeEvents: true, networkConnectionEnabled: false, pageLoadStrategy: normal, platform: MAC, platformName: MAC, rotatable: false, setWindowRect: true, takesHeapSnapshot: true, takesScreenshot: true, unexpectedAlertBehaviour: , unhandledPromptBehavior: , version: 64.0.3282.140, webStorageEnabled: true}
Session ID: ba45b42cbb296ff3ced8fcccd7f9295f
*** Element info: {Using=xpath, value=//*[@class='link n-link_theme_blue i-bem link_js_inited']}
	at sun.reflect.NativeConstructorAccessorImpl.newInstance0(Native Method)
	at sun.reflect.NativeConstructorAccessorImpl.newInstance(NativeConstructorAccessorImpl.java:62)
	at sun.reflect.DelegatingConstructorAccessorImpl.newInstance(DelegatingConstructorAccessorImpl.java:45)
	at java.lang.reflect.Constructor.newInstance(Constructor.java:423)
	at org.openqa.selenium.remote.ErrorHandler.createThrowable(ErrorHandler.java:214)
	at org.openqa.selenium.remote.ErrorHandler.throwIfResponseFailed(ErrorHandler.java:166)
	at org.openqa.selenium.remote.http.JsonHttpResponseCodec.reconstructValue(JsonHttpResponseCodec.java:40)
	at org.openqa.selenium.remote.http.AbstractHttpResponseCodec.decode(AbstractHttpResponseCodec.java:80)
	at org.openqa.selenium.remote.http.AbstractHttpResponseCodec.decode(AbstractHttpResponseCodec.java:44)
	at org.openqa.selenium.remote.HttpCommandExecutor.execute(HttpCommandExecutor.java:164)
	at org.openqa.selenium.remote.service.DriverCommandExecutor.execute(DriverCommandExecutor.java:83)
	at org.openqa.selenium.remote.RemoteWebDriver.execute(RemoteWebDriver.java:601)
	at org.openqa.selenium.remote.RemoteWebDriver.findElement(RemoteWebDriver.java:371)
	at org.openqa.selenium.remote.RemoteWebDriver.findElementByXPath(RemoteWebDriver.java:473)
	at org.openqa.selenium.By$ByXPath.findElement(By.java:361)
	at org.openqa.selenium.remote.RemoteWebDriver.findElement(RemoteWebDriver.java:363)
	at pages.ResPage.assertFirst(ResPage.java:37)
	at steps.ResPageSteps.assertFirstElement(ResPageSteps.java:16)
	at steps.ScenerioSteps.assertFirstElement(ScenerioSteps.java:72)
	at ✽.Когда проверить поиск по первому значению(Наушники.feature:17)
</stack-trace>
            </failure>
            <steps>
                <step start="1518211149868" stop="1518211156383" status="passed">
                    <name>Когда выбран пункт меню "Электроника"</name>
                    <title>Когда выбран пункт меню "Электроника"</title>
                    <steps>
                        <step start="1518211151074" stop="1518211156381" status="passed">
                            <name>selectMainMenu[Электроника]</name>
                            <title>Выбран пункт меню - Электроника</title>
                        </step>
                    </steps>
                </step>
                <step start="1518211156384" stop="1518211163199" status="passed">
                    <name>Тогда выбран пункт меню Наушники</name>
                    <title>Тогда выбран пункт меню Наушники</title>
                    <steps>
                        <step start="1518211156385" stop="1518211163198" status="passed">
                            <name>selectSubMenu</name>
                            <title>Выбран пункт меню - Наушники</title>
                        </step>
                    </steps>
                </step>
                <step start="1518211163199" stop="1518211167001" status="passed">
                    <name>Когда выбран пункт Перейти ко всем фильтрам</name>
                    <title>Когда выбран пункт Перейти ко всем фильтрам</title>
                    <steps>
                        <step start="1518211163200" stop="1518211167001" status="passed">
                            <name>selectAllFilters</name>
                            <title>Выбран пункт - Перейти ко всем фильтрам</title>
                        </step>
                    </steps>
                </step>
                <step start="1518211167001" stop="1518211167803" status="passed">
                    <name>Когда заполняются поля:</name>
                    <title>Когда заполняются поля:</title>
                    <steps>
                        <step start="1518211167255" stop="1518211167803" status="passed">
                            <name>stepFillField[Цена, 5000]</name>
                            <title>Поле Цена заполняется значением 5000</title>
                        </step>
                    </steps>
                </step>
                <step start="1518211167804" stop="1518211168093" status="passed">
                    <name>Когда выбран Beats</name>
                    <title>Когда выбран Beats</title>
                    <steps>
                        <step start="1518211167805" stop="1518211168093" status="passed">
                            <name>stepbeats</name>
                            <title>Выбрать Beats</title>
                        </step>
                    </steps>
                </step>
                <step start="1518211168094" stop="1518211173045" status="passed">
                    <name>Когда нажать Показать подходящие</name>
                    <title>Когда нажать Показать подходящие</title>
                    <steps>
                        <step start="1518211168095" stop="1518211173045" status="passed">
                            <name>showRes</name>
                            <title>Нажать Показать подходящие</title>
                        </step>
                    </steps>
                </step>
                <step start="1518211173046" stop="1518211173218" status="passed">
                    <name>Тогда отобразились 12 позиций</name>
                    <title>Тогда отобразились 12 позиций</title>
                    <steps>
                        <step start="1518211173047" stop="1518211173218" status="passed">
                            <name>checkElementsCount[12]</name>
                            <title>Проверка соответствия количества элементов на странице</title>
                        </step>
                    </steps>
                </step>
                <step start="1518211173219" stop="1518211194798" status="broken">
                    <name>Когда проверить поиск по первому значению</name>
                    <title>Когда проверить поиск по первому значению</title>
                    <attachments>
                        <attachment title="Скриншот в момент ошибки" source="728fac7c-d117-4ee3-8e51-c38a120d7645-attachment.png" type="image/png"/>
                    </attachments>
                    <steps>
                        <step start="1518211173220" stop="1518211193453" status="broken">
                            <name>assertFirstElement</name>
                            <title>Проверка запомненого значения</title>
                        </step>
                    </steps>
                </step>
            </steps>
            <attachments/>
            <labels>
                <label name="story" value="Телевизоры"/>
                <label name="feature" value="Яндекс Маркет"/>
                <label name="host" value="MacBook-Pro-service.local"/>
                <label name="thread" value="42031@MacBook-Pro-service.local.main(1)"/>
                <label name="framework" value="CucumberJVM"/>
            </labels>
        </test-case>
    </test-cases>
    <labels>
        <label name="feature" value="Яндекс Маркет"/>
        <label name="language" value="JAVA"/>
    </labels>
</ns2:test-suite>
