<?xml version="1.0" encoding="UTF-8" standalone="yes"?>
<ns2:test-suite start="1518030828256" stop="1518030887189" version="1.5.2" xmlns:ns2="urn:model.allure.qatools.yandex.ru">
    <name>Яндекс Маркет</name>
    <description type="text"></description>
    <test-cases>
        <test-case start="1518030828599" stop="1518030887185" status="broken">
            <name>Телевизоры</name>
            <title>Телевизоры</title>
            <description type="text"></description>
            <failure>
                <message>NoSuchElementException: no such element: Unable to locate element: {"method":"xpath","selector":"//*[contains(@class,'n-snippet-card2 i-bem b-zone b-spy-visible b-spy-visible_js_inited b-zone_js_inited n-snippet-card2_js_inited')]/div[4]/div/div/a"}
  (Session info: chrome=64.0.3282.140)
  (Driver info: chromedriver=2.35.528157 (4429ca2590d6988c0745c24c8858745aaaec01ef),platform=Mac OS X 10.11.6 x86_64) (WARNING: The server did not provide any stacktrace information)
Command duration or timeout: 0 milliseconds
For documentation on this error, please visit: http://seleniumhq.org/exceptions/no_such_element.html
Build info: version: '3.8.1', revision: '6e95a6684b', time: '2017-12-01T18:33:54.468Z'
System info: host: 'MacBook-Pro-service.local', ip: '192.168.1.68', os.name: 'Mac OS X', os.arch: 'x86_64', os.version: '10.11.6', java.version: '1.8.0_151'
Driver info: org.openqa.selenium.chrome.ChromeDriver
Capabilities {acceptInsecureCerts: false, acceptSslCerts: false, applicationCacheEnabled: false, browserConnectionEnabled: false, browserName: chrome, chrome: {chromedriverVersion: 2.35.528157 (4429ca2590d698..., userDataDir: /var/folders/hc/3f86917112g...}, cssSelectorsEnabled: true, databaseEnabled: false, handlesAlerts: true, hasTouchScreen: false, javascriptEnabled: true, locationContextEnabled: true, mobileEmulationEnabled: false, nativeEvents: true, networkConnectionEnabled: false, pageLoadStrategy: normal, platform: MAC, platformName: MAC, rotatable: false, setWindowRect: true, takesHeapSnapshot: true, takesScreenshot: true, unexpectedAlertBehaviour: , unhandledPromptBehavior: , version: 64.0.3282.140, webStorageEnabled: true}
Session ID: 459f6c5161f9c791da6e44176683877e
*** Element info: {Using=xpath, value=//*[contains(@class,'n-snippet-card2 i-bem b-zone b-spy-visible b-spy-visible_js_inited b-zone_js_inited n-snippet-card2_js_inited')]/div[4]/div/div/a}</message>
                <stack-trace>org.openqa.selenium.NoSuchElementException: no such element: Unable to locate element: {"method":"xpath","selector":"//*[contains(@class,'n-snippet-card2 i-bem b-zone b-spy-visible b-spy-visible_js_inited b-zone_js_inited n-snippet-card2_js_inited')]/div[4]/div/div/a"}
  (Session info: chrome=64.0.3282.140)
  (Driver info: chromedriver=2.35.528157 (4429ca2590d6988c0745c24c8858745aaaec01ef),platform=Mac OS X 10.11.6 x86_64) (WARNING: The server did not provide any stacktrace information)
Command duration or timeout: 0 milliseconds
For documentation on this error, please visit: http://seleniumhq.org/exceptions/no_such_element.html
Build info: version: '3.8.1', revision: '6e95a6684b', time: '2017-12-01T18:33:54.468Z'
System info: host: 'MacBook-Pro-service.local', ip: '192.168.1.68', os.name: 'Mac OS X', os.arch: 'x86_64', os.version: '10.11.6', java.version: '1.8.0_151'
Driver info: org.openqa.selenium.chrome.ChromeDriver
Capabilities {acceptInsecureCerts: false, acceptSslCerts: false, applicationCacheEnabled: false, browserConnectionEnabled: false, browserName: chrome, chrome: {chromedriverVersion: 2.35.528157 (4429ca2590d698..., userDataDir: /var/folders/hc/3f86917112g...}, cssSelectorsEnabled: true, databaseEnabled: false, handlesAlerts: true, hasTouchScreen: false, javascriptEnabled: true, locationContextEnabled: true, mobileEmulationEnabled: false, nativeEvents: true, networkConnectionEnabled: false, pageLoadStrategy: normal, platform: MAC, platformName: MAC, rotatable: false, setWindowRect: true, takesHeapSnapshot: true, takesScreenshot: true, unexpectedAlertBehaviour: , unhandledPromptBehavior: , version: 64.0.3282.140, webStorageEnabled: true}
Session ID: 459f6c5161f9c791da6e44176683877e
*** Element info: {Using=xpath, value=//*[contains(@class,'n-snippet-card2 i-bem b-zone b-spy-visible b-spy-visible_js_inited b-zone_js_inited n-snippet-card2_js_inited')]/div[4]/div/div/a}
	at sun.reflect.NativeConstructorAccessorImpl.newInstance0(Native Method)
	at sun.reflect.NativeConstructorAccessorImpl.newInstance(NativeConstructorAccessorImpl.java:62)
	at sun.reflect.DelegatingConstructorAccessorImpl.newInstance(DelegatingConstructorAccessorImpl.java:45)
	at java.lang.reflect.Constructor.newInstance(Constructor.java:423)
	at org.openqa.selenium.remote.ErrorHandler.createThrowable(ErrorHandler.java:214)
	at org.openqa.selenium.remote.ErrorHandler.throwIfResponseFailed(ErrorHandler.java:166)
	at org.openqa.selenium.remote.http.JsonHttpResponseCodec.reconstructValue(JsonHttpResponseCodec.java:40)
	at org.openqa.selenium.remote.http.AbstractHttpResponseCodec.decode(AbstractHttpResponseCodec.java:80)
	at org.openqa.selenium.remote.http.AbstractHttpResponseCodec.decode(AbstractHttpResponseCodec.java:44)
	at org.openqa.selenium.remote.HttpCommandExecutor.execute(HttpCommandExecutor.java:164)
	at org.openqa.selenium.remote.service.DriverCommandExecutor.execute(DriverCommandExecutor.java:83)
	at org.openqa.selenium.remote.RemoteWebDriver.execute(RemoteWebDriver.java:601)
	at org.openqa.selenium.remote.RemoteWebDriver.findElement(RemoteWebDriver.java:371)
	at org.openqa.selenium.remote.RemoteWebDriver.findElementByXPath(RemoteWebDriver.java:473)
	at org.openqa.selenium.By$ByXPath.findElement(By.java:361)
	at org.openqa.selenium.remote.RemoteWebDriver.findElement(RemoteWebDriver.java:363)
	at pages.ResPage.assertFirstElement(ResPage.java:47)
	at steps.ResPageSteps.assertFirstElem(ResPageSteps.java:15)
	at steps.ScenerioSteps.assertFirstElem(ScenerioSteps.java:77)
	at ✽.Когда проверить поиск по первому значению(Телевизоры.feature:18)
</stack-trace>
            </failure>
            <steps>
                <step start="1518030842157" stop="1518030847845" status="passed">
                    <name>Когда выбран пункт меню "Электроника"</name>
                    <title>Когда выбран пункт меню "Электроника"</title>
                    <steps>
                        <step start="1518030842997" stop="1518030847834" status="passed">
                            <name>selectMainMenu[Электроника]</name>
                            <title>Выбран пункт меню - Электроника</title>
                        </step>
                    </steps>
                </step>
                <step start="1518030847846" stop="1518030853345" status="passed">
                    <name>Тогда выбран пункт меню Телевизоры</name>
                    <title>Тогда выбран пункт меню Телевизоры</title>
                    <steps>
                        <step start="1518030847887" stop="1518030853345" status="passed">
                            <name>selectSubMenu</name>
                            <title>Выбран пункт меню - Телевизоры</title>
                        </step>
                    </steps>
                </step>
                <step start="1518030853346" stop="1518030856591" status="passed">
                    <name>Когда выбран пункт Перейти ко всем фильтрам</name>
                    <title>Когда выбран пункт Перейти ко всем фильтрам</title>
                    <steps>
                        <step start="1518030853347" stop="1518030856590" status="passed">
                            <name>selectAllFilters</name>
                            <title>Выбран пункт - Перейти ко всем фильтрам</title>
                        </step>
                    </steps>
                </step>
                <step start="1518030856591" stop="1518030857273" status="passed">
                    <name>Когда заполняются поля:</name>
                    <title>Когда заполняются поля:</title>
                    <steps>
                        <step start="1518030856708" stop="1518030857273" status="passed">
                            <name>stepFillField[Цена, 20000]</name>
                            <title>Поле Цена заполняется значением 20000</title>
                        </step>
                    </steps>
                </step>
                <step start="1518030857273" stop="1518030857558" status="passed">
                    <name>Когда выбран Samsung</name>
                    <title>Когда выбран Samsung</title>
                    <steps>
                        <step start="1518030857274" stop="1518030857557" status="passed">
                            <name>stepSamsung</name>
                            <title>Выбрать Samsung</title>
                        </step>
                    </steps>
                </step>
                <step start="1518030857558" stop="1518030857926" status="passed">
                    <name>Тогда выбран Lg</name>
                    <title>Тогда выбран Lg</title>
                    <steps>
                        <step start="1518030857560" stop="1518030857926" status="passed">
                            <name>stepLg</name>
                            <title>Выбрать Lg</title>
                        </step>
                    </steps>
                </step>
                <step start="1518030857927" stop="1518030863097" status="passed">
                    <name>Когда нажать Показать подходящие</name>
                    <title>Когда нажать Показать подходящие</title>
                    <steps>
                        <step start="1518030857928" stop="1518030863097" status="passed">
                            <name>showRes</name>
                            <title>Нажать Показать подходящие</title>
                        </step>
                    </steps>
                </step>
                <step start="1518030863098" stop="1518030863214" status="passed">
                    <name>Тогда отобразились 12 позиций</name>
                    <title>Тогда отобразились 12 позиций</title>
                    <steps>
                        <step start="1518030863099" stop="1518030863214" status="passed">
                            <name>checkElementsCount[12]</name>
                            <title>Проверка соответствия количества элементов на странице</title>
                        </step>
                    </steps>
                </step>
                <step start="1518030863218" stop="1518030886667" status="broken">
                    <name>Когда проверить поиск по первому значению</name>
                    <title>Когда проверить поиск по первому значению</title>
                    <attachments>
                        <attachment title="Скриншот в момент ошибки" source="af611cdd-4b19-40c7-a2bb-1626a8349cfa-attachment.png" type="image/png"/>
                    </attachments>
                    <steps>
                        <step start="1518030863219" stop="1518030883398" status="broken">
                            <name>assertFirstElem</name>
                            <title>Проверка запомненого значения</title>
                        </step>
                    </steps>
                </step>
            </steps>
            <attachments/>
            <labels>
                <label name="story" value="Телевизоры"/>
                <label name="feature" value="Яндекс Маркет"/>
                <label name="host" value="MacBook-Pro-service.local"/>
                <label name="thread" value="39404@MacBook-Pro-service.local.main(1)"/>
                <label name="framework" value="CucumberJVM"/>
            </labels>
        </test-case>
    </test-cases>
    <labels>
        <label name="feature" value="Яндекс Маркет"/>
        <label name="language" value="JAVA"/>
    </labels>
</ns2:test-suite>
