<?xml version="1.0" encoding="UTF-8" standalone="yes"?>
<ns2:test-suite start="1518028224954" stop="1518028293260" version="1.5.2" xmlns:ns2="urn:model.allure.qatools.yandex.ru">
    <name>Яндекс Маркет</name>
    <description type="text"></description>
    <test-cases>
        <test-case start="1518028225458" stop="1518028293244" status="broken">
            <name>Телевизоры</name>
            <title>Телевизоры</title>
            <description type="text"></description>
            <failure>
                <message>InvalidSelectorException: invalid selector: Unable to locate an element with the xpath expression (//*[contains(@class,'link n-link_theme_blue i-bem link_js_inited link_pressed_yes')] because of the following error:
SyntaxError: Failed to execute 'evaluate' on 'Document': The string '(//*[contains(@class,'link n-link_theme_blue i-bem link_js_inited link_pressed_yes')]' is not a valid XPath expression.
  (Session info: chrome=64.0.3282.140)
  (Driver info: chromedriver=2.35.528157 (4429ca2590d6988c0745c24c8858745aaaec01ef),platform=Mac OS X 10.11.6 x86_64) (WARNING: The server did not provide any stacktrace information)
Command duration or timeout: 0 milliseconds
For documentation on this error, please visit: http://seleniumhq.org/exceptions/invalid_selector_exception.html
Build info: version: '3.8.1', revision: '6e95a6684b', time: '2017-12-01T18:33:54.468Z'
System info: host: 'MacBook-Pro-service.local', ip: '192.168.1.68', os.name: 'Mac OS X', os.arch: 'x86_64', os.version: '10.11.6', java.version: '1.8.0_151'
Driver info: org.openqa.selenium.chrome.ChromeDriver
Capabilities {acceptInsecureCerts: false, acceptSslCerts: false, applicationCacheEnabled: false, browserConnectionEnabled: false, browserName: chrome, chrome: {chromedriverVersion: 2.35.528157 (4429ca2590d698..., userDataDir: /var/folders/hc/3f86917112g...}, cssSelectorsEnabled: true, databaseEnabled: false, handlesAlerts: true, hasTouchScreen: false, javascriptEnabled: true, locationContextEnabled: true, mobileEmulationEnabled: false, nativeEvents: true, networkConnectionEnabled: false, pageLoadStrategy: normal, platform: MAC, platformName: MAC, rotatable: false, setWindowRect: true, takesHeapSnapshot: true, takesScreenshot: true, unexpectedAlertBehaviour: , unhandledPromptBehavior: , version: 64.0.3282.140, webStorageEnabled: true}
Session ID: c4fc61f5c88943416e801ccf8fe016cd
*** Element info: {Using=xpath, value=(//*[contains(@class,'link n-link_theme_blue i-bem link_js_inited link_pressed_yes')]}</message>
                <stack-trace>org.openqa.selenium.InvalidSelectorException: invalid selector: Unable to locate an element with the xpath expression (//*[contains(@class,'link n-link_theme_blue i-bem link_js_inited link_pressed_yes')] because of the following error:
SyntaxError: Failed to execute 'evaluate' on 'Document': The string '(//*[contains(@class,'link n-link_theme_blue i-bem link_js_inited link_pressed_yes')]' is not a valid XPath expression.
  (Session info: chrome=64.0.3282.140)
  (Driver info: chromedriver=2.35.528157 (4429ca2590d6988c0745c24c8858745aaaec01ef),platform=Mac OS X 10.11.6 x86_64) (WARNING: The server did not provide any stacktrace information)
Command duration or timeout: 0 milliseconds
For documentation on this error, please visit: http://seleniumhq.org/exceptions/invalid_selector_exception.html
Build info: version: '3.8.1', revision: '6e95a6684b', time: '2017-12-01T18:33:54.468Z'
System info: host: 'MacBook-Pro-service.local', ip: '192.168.1.68', os.name: 'Mac OS X', os.arch: 'x86_64', os.version: '10.11.6', java.version: '1.8.0_151'
Driver info: org.openqa.selenium.chrome.ChromeDriver
Capabilities {acceptInsecureCerts: false, acceptSslCerts: false, applicationCacheEnabled: false, browserConnectionEnabled: false, browserName: chrome, chrome: {chromedriverVersion: 2.35.528157 (4429ca2590d698..., userDataDir: /var/folders/hc/3f86917112g...}, cssSelectorsEnabled: true, databaseEnabled: false, handlesAlerts: true, hasTouchScreen: false, javascriptEnabled: true, locationContextEnabled: true, mobileEmulationEnabled: false, nativeEvents: true, networkConnectionEnabled: false, pageLoadStrategy: normal, platform: MAC, platformName: MAC, rotatable: false, setWindowRect: true, takesHeapSnapshot: true, takesScreenshot: true, unexpectedAlertBehaviour: , unhandledPromptBehavior: , version: 64.0.3282.140, webStorageEnabled: true}
Session ID: c4fc61f5c88943416e801ccf8fe016cd
*** Element info: {Using=xpath, value=(//*[contains(@class,'link n-link_theme_blue i-bem link_js_inited link_pressed_yes')]}
	at sun.reflect.NativeConstructorAccessorImpl.newInstance0(Native Method)
	at sun.reflect.NativeConstructorAccessorImpl.newInstance(NativeConstructorAccessorImpl.java:62)
	at sun.reflect.DelegatingConstructorAccessorImpl.newInstance(DelegatingConstructorAccessorImpl.java:45)
	at java.lang.reflect.Constructor.newInstance(Constructor.java:423)
	at org.openqa.selenium.remote.ErrorHandler.createThrowable(ErrorHandler.java:214)
	at org.openqa.selenium.remote.ErrorHandler.throwIfResponseFailed(ErrorHandler.java:166)
	at org.openqa.selenium.remote.http.JsonHttpResponseCodec.reconstructValue(JsonHttpResponseCodec.java:40)
	at org.openqa.selenium.remote.http.AbstractHttpResponseCodec.decode(AbstractHttpResponseCodec.java:80)
	at org.openqa.selenium.remote.http.AbstractHttpResponseCodec.decode(AbstractHttpResponseCodec.java:44)
	at org.openqa.selenium.remote.HttpCommandExecutor.execute(HttpCommandExecutor.java:164)
	at org.openqa.selenium.remote.service.DriverCommandExecutor.execute(DriverCommandExecutor.java:83)
	at org.openqa.selenium.remote.RemoteWebDriver.execute(RemoteWebDriver.java:601)
	at org.openqa.selenium.remote.RemoteWebDriver.findElement(RemoteWebDriver.java:371)
	at org.openqa.selenium.remote.RemoteWebDriver.findElementByXPath(RemoteWebDriver.java:473)
	at org.openqa.selenium.By$ByXPath.findElement(By.java:361)
	at org.openqa.selenium.remote.RemoteWebDriver.findElement(RemoteWebDriver.java:363)
	at pages.ResPage.assertFirstElement(ResPage.java:47)
	at steps.ResPageSteps.assertFirstElem(ResPageSteps.java:15)
	at steps.ScenerioSteps.assertFirstElem(ScenerioSteps.java:77)
	at ✽.Когда проверить поиск по первому значению(Телевизоры.feature:18)
</stack-trace>
            </failure>
            <steps>
                <step start="1518028266932" stop="1518028273282" status="passed">
                    <name>Когда выбран пункт меню "Электроника"</name>
                    <title>Когда выбран пункт меню "Электроника"</title>
                    <steps>
                        <step start="1518028267689" stop="1518028273274" status="passed">
                            <name>selectMainMenu[Электроника]</name>
                            <title>Выбран пункт меню - Электроника</title>
                        </step>
                    </steps>
                </step>
                <step start="1518028273283" stop="1518028279160" status="passed">
                    <name>Тогда выбран пункт меню Телевизоры</name>
                    <title>Тогда выбран пункт меню Телевизоры</title>
                    <steps>
                        <step start="1518028273284" stop="1518028279160" status="passed">
                            <name>selectSubMenu</name>
                            <title>Выбран пункт меню - Телевизоры</title>
                        </step>
                    </steps>
                </step>
                <step start="1518028279161" stop="1518028283678" status="passed">
                    <name>Когда выбран пункт Перейти ко всем фильтрам</name>
                    <title>Когда выбран пункт Перейти ко всем фильтрам</title>
                    <steps>
                        <step start="1518028279162" stop="1518028283678" status="passed">
                            <name>selectAllFilters</name>
                            <title>Выбран пункт - Перейти ко всем фильтрам</title>
                        </step>
                    </steps>
                </step>
                <step start="1518028283679" stop="1518028285086" status="passed">
                    <name>Когда заполняются поля:</name>
                    <title>Когда заполняются поля:</title>
                    <steps>
                        <step start="1518028283835" stop="1518028285086" status="passed">
                            <name>stepFillField[Цена, 20000]</name>
                            <title>Поле Цена заполняется значением 20000</title>
                        </step>
                    </steps>
                </step>
                <step start="1518028285086" stop="1518028285735" status="passed">
                    <name>Когда выбран Samsung</name>
                    <title>Когда выбран Samsung</title>
                    <steps>
                        <step start="1518028285091" stop="1518028285735" status="passed">
                            <name>stepSamsung</name>
                            <title>Выбрать Samsung</title>
                        </step>
                    </steps>
                </step>
                <step start="1518028285735" stop="1518028286083" status="passed">
                    <name>Тогда выбран Lg</name>
                    <title>Тогда выбран Lg</title>
                    <steps>
                        <step start="1518028285737" stop="1518028286082" status="passed">
                            <name>stepLg</name>
                            <title>Выбрать Lg</title>
                        </step>
                    </steps>
                </step>
                <step start="1518028286083" stop="1518028291356" status="passed">
                    <name>Когда нажать Показать подходящие</name>
                    <title>Когда нажать Показать подходящие</title>
                    <steps>
                        <step start="1518028286084" stop="1518028291354" status="passed">
                            <name>showRes</name>
                            <title>Нажать Показать подходящие</title>
                        </step>
                    </steps>
                </step>
                <step start="1518028291357" stop="1518028291564" status="passed">
                    <name>Тогда отобразились 12 позиций</name>
                    <title>Тогда отобразились 12 позиций</title>
                    <steps>
                        <step start="1518028291362" stop="1518028291564" status="passed">
                            <name>checkElementsCount[12]</name>
                            <title>Проверка соответствия количества элементов на странице</title>
                        </step>
                    </steps>
                </step>
                <step start="1518028291565" stop="1518028292654" status="broken">
                    <name>Когда проверить поиск по первому значению</name>
                    <title>Когда проверить поиск по первому значению</title>
                    <attachments>
                        <attachment title="Скриншот в момент ошибки" source="88dc8e61-e6c8-41a0-8866-119031d6fcbb-attachment.png" type="image/png"/>
                    </attachments>
                    <steps>
                        <step start="1518028291566" stop="1518028291774" status="broken">
                            <name>assertFirstElem</name>
                            <title>Проверка запомненого значения</title>
                        </step>
                    </steps>
                </step>
            </steps>
            <attachments/>
            <labels>
                <label name="story" value="Телевизоры"/>
                <label name="feature" value="Яндекс Маркет"/>
                <label name="host" value="MacBook-Pro-service.local"/>
                <label name="thread" value="39087@MacBook-Pro-service.local.main(1)"/>
                <label name="framework" value="CucumberJVM"/>
            </labels>
        </test-case>
    </test-cases>
    <labels>
        <label name="feature" value="Яндекс Маркет"/>
        <label name="language" value="JAVA"/>
    </labels>
</ns2:test-suite>
